<?xml version="1.0" encoding="utf-8"?>
<TestRun id="4f3ce1e1-be62-41a2-96c5-17a2fda05f9c" name="pmaga@PETER 2026-08-05 09:55:23" runUser="PETER\pmaga" xmlns="http://microsoft.com/schemas/VisualStudio/TeamTest/2010">
  <Times creation="2026-08-05T09:55:23.7227739+08:00" queuing="2026-08-05T09:55:23.7227741+08:00" start="2026-08-05T09:55:22.3405321+08:00" finish="2026-08-05T09:55:24.9491880+08:00" />
  <TestSettings name="default" id="b7691f79-e8a6-4264-8825-618c2b63ba67">
    <Deployment runDeploymentRoot="pmaga_PETER_2026-08-05_09_55_23" />
  </TestSettings>
  <Results>
    <UnitTestResult executionId="2f61a468-664c-4ee3-aba4-d9ed6db4470c" testId="91af522e-ec4d-798a-34cd-d727cb3506a2" testName="TransitPay.API.Tests.PasswordPolicyTests.Validate_ReturnsInvalid_WhenPasswordMissingLowercase" computerName="PETER" duration="00:00:00.0000972" startTime="2026-08-05T09:55:23.6985866+08:00" endTime="2026-08-05T09:55:23.6985867+08:00" testType="13cdc9d9-ddb5-4fa4-a97d-d965ccfc6d4b" outcome="Passed" testListId="8c84fa94-04c1-424b-9868-57a2d4851a1d" relativeResultsDirectory="2f61a468-664c-4ee3-aba4-d9ed6db4470c" />
    <UnitTestResult executionId="85c3a79a-bd52-4ae4-97ce-1a5e06b390e5" testId="5eac4e6b-ee70-0f1d-31d3-093fc244d886" testName="TransitPay.API.Tests.TripServiceTests.GetActiveTrip_IncludesBoardingOriginStation" computerName="PETER" duration="00:00:00.0044922" startTime="2026-08-05T09:55:24.5526720+08:00" endTime="2026-08-05T09:55:24.5526722+08:00" testType="13cdc9d9-ddb5-4fa4-a97d-d965ccfc6d4b" outcome="Passed" testListId="8c84fa94-04c1-424b-9868-57a2d4851a1d" relativeResultsDirectory="85c3a79a-bd52-4ae4-97ce-1a5e06b390e5" />
    <UnitTestResult executionId="e48c11cc-04d4-4ec1-b52c-09245c1e91f9" testId="b6a8c0be-453b-8c96-688c-0ec00921305e" testName="TransitPay.API.Tests.TripServiceTests.StartTrip_CreatesActiveTrip_WithBoardingOriginInitialized" computerName="PETER" duration="00:00:00.0013985" startTime="2026-08-05T09:55:24.5128397+08:00" endTime="2026-08-05T09:55:24.5128399+08:00" testType="13cdc9d9-ddb5-4fa4-a97d-d965ccfc6d4b" outcome="Passed" testListId="8c84fa94-04c1-424b-9868-57a2d4851a1d" relativeResultsDirectory="e48c11cc-04d4-4ec1-b52c-09245c1e91f9" />
    <UnitTestResult executionId="e1ac6b5a-5700-49f1-97bd-084addb6fcf5" testId="c3f44537-6385-1cf4-ecb4-852c39ef5a1d" testName="TransitPay.API.Tests.CardMapperTests.ToCreatedDto_MasksCardNumber" computerName="PETER" duration="00:00:00.0105084" startTime="2026-08-05T09:55:23.6988915+08:00" endTime="2026-08-05T09:55:23.6988916+08:00" testType="13cdc9d9-ddb5-4fa4-a97d-d965ccfc6d4b" outcome="Passed" testListId="8c84fa94-04c1-424b-9868-57a2d4851a1d" relativeResultsDirectory="e1ac6b5a-5700-49f1-97bd-084addb6fcf5" />
    <UnitTestResult executionId="6d39b3f5-ac97-45df-b001-77d4cb2df700" testId="96267582-f5a8-7721-ab28-abe3b113f94f" testName="TransitPay.API.Tests.PaymentServiceTests.ConductorPayment_RejectsWhenOriginEqualsDestination" computerName="PETER" duration="00:00:00.0011585" startTime="2026-08-05T09:55:24.8012062+08:00" endTime="2026-08-05T09:55:24.8012063+08:00" testType="13cdc9d9-ddb5-4fa4-a97d-d965ccfc6d4b" outcome="Passed" testListId="8c84fa94-04c1-424b-9868-57a2d4851a1d" relativeResultsDirectory="6d39b3f5-ac97-45df-b001-77d4cb2df700" />
    <UnitTestResult executionId="6ee42291-c15a-4503-9d6c-265d0be56ae7" testId="b38f1d3b-0b24-48a4-562a-c9bb32b394b0" testName="TransitPay.API.Tests.TripServiceTests.UpdateCurrentBoardingOrigin_RejectsInactiveStation" computerName="PETER" duration="00:00:00.0104857" startTime="2026-08-05T09:55:24.4824978+08:00" endTime="2026-08-05T09:55:24.4824981+08:00" testType="13cdc9d9-ddb5-4fa4-a97d-d965ccfc6d4b" outcome="Passed" testListId="8c84fa94-04c1-424b-9868-57a2d4851a1d" relativeResultsDirectory="6ee42291-c15a-4503-9d6c-265d0be56ae7" />
    <UnitTestResult executionId="dd838ab9-6d2c-4ab0-bedb-6f77a30ff479" testId="01d682af-fdf5-f97b-5577-a33ef3b93222" testName="TransitPay.API.Tests.CardMapperTests.ToDto_DoesNotExposeFullCardNumber" computerName="PETER" duration="00:00:00.1071248" startTime="2026-08-05T09:55:23.6988585+08:00" endTime="2026-08-05T09:55:23.6988586+08:00" testType="13cdc9d9-ddb5-4fa4-a97d-d965ccfc6d4b" outcome="Passed" testListId="8c84fa94-04c1-424b-9868-57a2d4851a1d" relativeResultsDirectory="dd838ab9-6d2c-4ab0-bedb-6f77a30ff479" />
    <UnitTestResult executionId="079eb5e6-d2f6-405a-abd0-037f106a7d9c" testId="2790bd17-8832-1ef9-1b54-29b0ffb94107" testName="TransitPay.API.Tests.PaymentServiceTests.ScanQR_ChargesLockedFare_EvenWhenFareRuleChanges" computerName="PETER" duration="00:00:00.0687623" startTime="2026-08-05T09:55:24.8700318+08:00" endTime="2026-08-05T09:55:24.8700320+08:00" testType="13cdc9d9-ddb5-4fa4-a97d-d965ccfc6d4b" outcome="Passed" testListId="8c84fa94-04c1-424b-9868-57a2d4851a1d" relativeResultsDirectory="079eb5e6-d2f6-405a-abd0-037f106a7d9c" />
    <UnitTestResult executionId="c723b9ab-0dec-46de-a427-a14c9d3fd203" testId="86313a71-5fb4-ffae-afc7-e788f6cc2a72" testName="TransitPay.API.Tests.PasswordPolicyTests.Validate_ReturnsInvalid_WhenPasswordTooShortOrMissingUpperCase(password: &quot;alllowercase123!&quot;)" computerName="PETER" duration="00:00:00.0001600" startTime="2026-08-05T09:55:23.6981365+08:00" endTime="2026-08-05T09:55:23.6981365+08:00" testType="13cdc9d9-ddb5-4fa4-a97d-d965ccfc6d4b" outcome="Passed" testListId="8c84fa94-04c1-424b-9868-57a2d4851a1d" relativeResultsDirectory="c723b9ab-0dec-46de-a427-a14c9d3fd203" />
    <UnitTestResult executionId="4127a0de-5b9c-4592-98b1-6d863e7ca606" testId="64eecf20-8ba1-2760-8b61-e56cd43d4a59" testName="TransitPay.API.Tests.CardMapperTests.ToDto_MapsAllFields" computerName="PETER" duration="00:00:00.0053941" startTime="2026-08-05T09:55:23.6988752+08:00" endTime="2026-08-05T09:55:23.6988752+08:00" testType="13cdc9d9-ddb5-4fa4-a97d-d965ccfc6d4b" outcome="Passed" testListId="8c84fa94-04c1-424b-9868-57a2d4851a1d" relativeResultsDirectory="4127a0de-5b9c-4592-98b1-6d863e7ca606" />
    <UnitTestResult executionId="97fc81e7-9870-4e0a-a14f-6afd2857329c" testId="6dbedd2e-c024-8bca-e34f-0714ecfcd856" testName="TransitPay.API.Tests.PasswordPolicyTests.Validate_ReturnsInvalid_WhenPasswordIsCommon(password: &quot;Qwerty123456!&quot;)" computerName="PETER" duration="00:00:00.0000015" startTime="2026-08-05T09:55:23.6985215+08:00" endTime="2026-08-05T09:55:23.6985215+08:00" testType="13cdc9d9-ddb5-4fa4-a97d-d965ccfc6d4b" outcome="Passed" testListId="8c84fa94-04c1-424b-9868-57a2d4851a1d" relativeResultsDirectory="97fc81e7-9870-4e0a-a14f-6afd2857329c" />
    <UnitTestResult executionId="eba3d761-b441-43b4-b6a3-2dd34cb0eb40" testId="587a6bb2-1775-0500-4f10-1a31a3d925d0" testName="TransitPay.API.Tests.CardMapperTests.ToDto_MasksCardNumber" computerName="PETER" duration="00:00:00.0001624" startTime="2026-08-05T09:55:23.6989050+08:00" endTime="2026-08-05T09:55:23.6989050+08:00" testType="13cdc9d9-ddb5-4fa4-a97d-d965ccfc6d4b" outcome="Passed" testListId="8c84fa94-04c1-424b-9868-57a2d4851a1d" relativeResultsDirectory="eba3d761-b441-43b4-b6a3-2dd34cb0eb40" />
    <UnitTestResult executionId="583533b1-b14d-4327-9875-d1f6a8fdf906" testId="3a54ea30-d7c2-6a31-2020-908611f5c1da" testName="TransitPay.API.Tests.SchemaUniquenessMetadataTests.BusinessIdentifierUniquenessRules_ShouldBeExposedInModelMetadata" computerName="PETER" duration="00:00:00.6698978" startTime="2026-08-05T09:55:24.2345441+08:00" endTime="2026-08-05T09:55:24.2345445+08:00" testType="13cdc9d9-ddb5-4fa4-a97d-d965ccfc6d4b" outcome="Passed" testListId="8c84fa94-04c1-424b-9868-57a2d4851a1d" relativeResultsDirectory="583533b1-b14d-4327-9875-d1f6a8fdf906" />
    <UnitTestResult executionId="9c5efbdd-4983-454c-9b1a-7a936cc000ff" testId="b71a00aa-4c4f-a224-f8a3-155c9c8cd8c3" testName="TransitPay.API.Tests.CardServiceTests.ValidateCardAsync_ReturnsZeroBalance_WhenNoWallet" computerName="PETER" duration="00:00:00.0031599" startTime="2026-08-05T09:55:24.5644004+08:00" endTime="2026-08-05T09:55:24.5644008+08:00" testType="13cdc9d9-ddb5-4fa4-a97d-d965ccfc6d4b" outcome="Passed" testListId="8c84fa94-04c1-424b-9868-57a2d4851a1d" relativeResultsDirectory="9c5efbdd-4983-454c-9b1a-7a936cc000ff" />
    <UnitTestResult executionId="c8d7d2ba-9ad4-415c-b5df-e7ca24a0a6b7" testId="ee36f3a1-cbcc-6200-79a3-3fe8659475e4" testName="TransitPay.API.Tests.PaymentServiceTests.ScanQR_RejectsInactiveCard" computerName="PETER" duration="00:00:00.0017533" startTime="2026-08-05T09:55:24.8935003+08:00" endTime="2026-08-05T09:55:24.8935004+08:00" testType="13cdc9d9-ddb5-4fa4-a97d-d965ccfc6d4b" outcome="Passed" testListId="8c84fa94-04c1-424b-9868-57a2d4851a1d" relativeResultsDirectory="c8d7d2ba-9ad4-415c-b5df-e7ca24a0a6b7" />
    <UnitTestResult executionId="3e3f0995-c4a7-4caf-ab68-80651da3816c" testId="d9b34340-7ae1-34fb-0561-89c1025d4832" testName="TransitPay.API.Tests.PasswordPolicyTests.Validate_ReturnsValid_WhenPasswordMeetsAllRequirements(password: &quot;StrongP@ssw0rd2024&quot;)" computerName="PETER" duration="00:00:00.0000059" startTime="2026-08-05T09:55:23.6965362+08:00" endTime="2026-08-05T09:55:23.6965362+08:00" testType="13cdc9d9-ddb5-4fa4-a97d-d965ccfc6d4b" outcome="Passed" testListId="8c84fa94-04c1-424b-9868-57a2d4851a1d" relativeResultsDirectory="3e3f0995-c4a7-4caf-ab68-80651da3816c" />
    <UnitTestResult executionId="cea35a44-a63a-43ac-a4cc-ae5c922aee6b" testId="3102232e-b856-1ca9-8f95-f79eebdfe8f6" testName="TransitPay.API.Tests.CardMapperTests.ToDetailsDto_MasksCardNumber" computerName="PETER" duration="00:00:00.0010228" startTime="2026-08-05T09:55:23.6989236+08:00" endTime="2026-08-05T09:55:23.6989237+08:00" testType="13cdc9d9-ddb5-4fa4-a97d-d965ccfc6d4b" outcome="Passed" testListId="8c84fa94-04c1-424b-9868-57a2d4851a1d" relativeResultsDirectory="cea35a44-a63a-43ac-a4cc-ae5c922aee6b" />
    <UnitTestResult executionId="4ac096d7-e113-4423-8cdf-df26fa0accb0" testId="8169b4de-abf0-6556-32ad-9eb7cb5cb972" testName="TransitPay.API.Tests.CardServiceTests.GetCardByUserIdAsync_MasksCardNumber" computerName="PETER" duration="00:00:00.0010025" startTime="2026-08-05T09:55:24.5667960+08:00" endTime="2026-08-05T09:55:24.5667961+08:00" testType="13cdc9d9-ddb5-4fa4-a97d-d965ccfc6d4b" outcome="Passed" testListId="8c84fa94-04c1-424b-9868-57a2d4851a1d" relativeResultsDirectory="4ac096d7-e113-4423-8cdf-df26fa0accb0" />
    <UnitTestResult executionId="ea1a7a1b-c5b2-4d13-8755-06055d13e895" testId="e16eedb8-74ed-c451-5754-d118c35b480d" testName="TransitPay.API.Tests.CardServiceTests.GetCardByUserIdAsync_ExcludesSoftDeletedCards" computerName="PETER" duration="00:00:00.9024394" startTime="2026-08-05T09:55:24.4670312+08:00" endTime="2026-08-05T09:55:24.4670314+08:00" testType="13cdc9d9-ddb5-4fa4-a97d-d965ccfc6d4b" outcome="Passed" testListId="8c84fa94-04c1-424b-9868-57a2d4851a1d" relativeResultsDirectory="ea1a7a1b-c5b2-4d13-8755-06055d13e895" />
    <UnitTestResult executionId="144ae3e7-90d8-4fca-9388-f93c78e8c725" testId="843e6059-eaf2-a4df-e982-9963095a5c1a" testName="TransitPay.API.Tests.CardFormatterTests.MaskCardNumber_ReturnsEmpty_ForEmptyString" computerName="PETER" duration="00:00:00.0926801" startTime="2026-08-05T09:55:23.6603059+08:00" endTime="2026-08-05T09:55:23.6603307+08:00" testType="13cdc9d9-ddb5-4fa4-a97d-d965ccfc6d4b" outcome="Passed" testListId="8c84fa94-04c1-424b-9868-57a2d4851a1d" relativeResultsDirectory="144ae3e7-90d8-4fca-9388-f93c78e8c725" />
    <UnitTestResult executionId="fe64d205-4006-40b7-bb55-0a290756ae93" testId="ceb417d8-feed-4480-a3e7-7e721b3e8274" testName="TransitPay.API.Tests.PasswordPolicyTests.Validate_ReturnsInvalid_WhenPasswordIsCommon(password: &quot;Admin123456!&quot;)" computerName="PETER" duration="00:00:00.0000028" startTime="2026-08-05T09:55:23.6985113+08:00" endTime="2026-08-05T09:55:23.6985113+08:00" testType="13cdc9d9-ddb5-4fa4-a97d-d965ccfc6d4b" outcome="Passed" testListId="8c84fa94-04c1-424b-9868-57a2d4851a1d" relativeResultsDirectory="fe64d205-4006-40b7-bb55-0a290756ae93" />
    <UnitTestResult executionId="d6255ae7-c562-47fe-b204-4e5860b31ce9" testId="40691340-925b-13d2-961f-1675b97133d7" testName="TransitPay.API.Tests.PaymentServiceTests.ConductorPayment_RejectsDestinationNotOnRoute" computerName="PETER" duration="00:00:00.0015184" startTime="2026-08-05T09:55:24.8982011+08:00" endTime="2026-08-05T09:55:24.8982013+08:00" testType="13cdc9d9-ddb5-4fa4-a97d-d965ccfc6d4b" outcome="Passed" testListId="8c84fa94-04c1-424b-9868-57a2d4851a1d" relativeResultsDirectory="d6255ae7-c562-47fe-b204-4e5860b31ce9" />
    <UnitTestResult executionId="4a3d4e0a-4736-4f18-b656-b170d0717e62" testId="acb7124a-dd96-7c0a-cbb2-0ad636f2539a" testName="TransitPay.API.Tests.CardServiceTests.CreateCardAsync_ThrowsDuplicateCardException_WhenDuplicate" computerName="PETER" duration="00:00:00.0015437" startTime="2026-08-05T09:55:24.5611756+08:00" endTime="2026-08-05T09:55:24.5611758+08:00" testType="13cdc9d9-ddb5-4fa4-a97d-d965ccfc6d4b" outcome="Passed" testListId="8c84fa94-04c1-424b-9868-57a2d4851a1d" relativeResultsDirectory="4a3d4e0a-4736-4f18-b656-b170d0717e62" />
    <UnitTestResult executionId="016b300a-9f1f-46ca-985e-3367b70992ca" testId="6a7b65d8-785c-b4f9-990c-6fd6818dc1f3" testName="TransitPay.API.Tests.TripServiceTests.EndTrip_OnlyAllowsActiveTrip" computerName="PETER" duration="00:00:00.0075173" startTime="2026-08-05T09:55:24.5030373+08:00" endTime="2026-08-05T09:55:24.5030375+08:00" testType="13cdc9d9-ddb5-4fa4-a97d-d965ccfc6d4b" outcome="Passed" testListId="8c84fa94-04c1-424b-9868-57a2d4851a1d" relativeResultsDirectory="016b300a-9f1f-46ca-985e-3367b70992ca" />
    <UnitTestResult executionId="3dcf38e2-fcca-4719-9048-0316cd1ced52" testId="5c20344e-73af-b447-16bf-7490e262254f" testName="TransitPay.API.Tests.PasswordPolicyTests.Validate_ReturnsInvalid_WhenPasswordIsCommon(password: &quot;Letmein12345!&quot;)" computerName="PETER" duration="00:00:00.0000076" startTime="2026-08-05T09:55:23.6984970+08:00" endTime="2026-08-05T09:55:23.6984971+08:00" testType="13cdc9d9-ddb5-4fa4-a97d-d965ccfc6d4b" outcome="Passed" testListId="8c84fa94-04c1-424b-9868-57a2d4851a1d" relativeResultsDirectory="3dcf38e2-fcca-4719-9048-0316cd1ced52" />
    <UnitTestResult executionId="1ccb9200-b874-49fa-8b02-3ee00a685e2e" testId="60f579be-ffb2-6187-de66-245058550b64" testName="TransitPay.API.Tests.PasswordPolicyTests.Validate_ReturnsInvalid_WhenPasswordTooShortOrMissingUpperCase(password: &quot;elevenchars!&quot;)" computerName="PETER" duration="00:00:00.0000056" startTime="2026-08-05T09:55:23.6981500+08:00" endTime="2026-08-05T09:55:23.6981500+08:00" testType="13cdc9d9-ddb5-4fa4-a97d-d965ccfc6d4b" outcome="Passed" testListId="8c84fa94-04c1-424b-9868-57a2d4851a1d" relativeResultsDirectory="1ccb9200-b874-49fa-8b02-3ee00a685e2e" />
    <UnitTestResult executionId="b8c3a2a2-8041-4d7d-b7f7-7225b7a62b64" testId="f7914ffa-4d24-15fa-9911-8487d78aa349" testName="TransitPay.API.Tests.PaymentServiceTests.ScanQR_RejectsInsufficientBalance_WithoutDeducting" computerName="PETER" duration="00:00:00.0016201" startTime="2026-08-05T09:55:24.8966343+08:00" endTime="2026-08-05T09:55:24.8966344+08:00" testType="13cdc9d9-ddb5-4fa4-a97d-d965ccfc6d4b" outcome="Passed" testListId="8c84fa94-04c1-424b-9868-57a2d4851a1d" relativeResultsDirectory="b8c3a2a2-8041-4d7d-b7f7-7225b7a62b64" />
    <UnitTestResult executionId="05fed4a0-2b8c-4354-be19-d516e3779012" testId="86845ce5-5b0e-4706-7171-b66a9d9fc0d9" testName="TransitPay.API.Tests.PaymentServiceTests.ScanQR_ChargesLockedFare_AndCreatesTransactionRecord" computerName="PETER" duration="00:00:00.0069261" startTime="2026-08-05T09:55:24.8883709+08:00" endTime="2026-08-05T09:55:24.8883711+08:00" testType="13cdc9d9-ddb5-4fa4-a97d-d965ccfc6d4b" outcome="Passed" testListId="8c84fa94-04c1-424b-9868-57a2d4851a1d" relativeResultsDirectory="05fed4a0-2b8c-4354-be19-d516e3779012" />
    <UnitTestResult executionId="ec0f0ed3-5b46-41eb-9514-5e101baf4ac1" testId="dc40588f-1013-5251-de20-b13195c1b923" testName="TransitPay.API.Tests.PaymentServiceTests.CreateOrUpdateSession_UpdatesExistingSession_WhenRouteChanges" computerName="PETER" duration="00:00:00.0266242" startTime="2026-08-05T09:55:24.6175491+08:00" endTime="2026-08-05T09:55:24.6175492+08:00" testType="13cdc9d9-ddb5-4fa4-a97d-d965ccfc6d4b" outcome="Passed" testListId="8c84fa94-04c1-424b-9868-57a2d4851a1d" relativeResultsDirectory="ec0f0ed3-5b46-41eb-9514-5e101baf4ac1" />
    <UnitTestResult executionId="3740fb62-5b75-4bf0-9560-d93a4f6d6ae0" testId="3dee5cb0-92f1-f599-956c-8772989875dc" testName="TransitPay.API.Tests.PasswordPolicyTests.Validate_ReturnsInvalid_WhenPasswordContainsFirstName" computerName="PETER" duration="00:00:00.0003264" startTime="2026-08-05T09:55:23.6980805+08:00" endTime="2026-08-05T09:55:23.6980805+08:00" testType="13cdc9d9-ddb5-4fa4-a97d-d965ccfc6d4b" outcome="Passed" testListId="8c84fa94-04c1-424b-9868-57a2d4851a1d" relativeResultsDirectory="3740fb62-5b75-4bf0-9560-d93a4f6d6ae0" />
    <UnitTestResult executionId="4d3e19df-b355-4fb2-af82-76c36327cd0b" testId="7e06ab5d-fe9a-458c-603d-2613ba54838f" testName="TransitPay.API.Tests.PasswordPolicyTests.Validate_ReturnsInvalid_WhenPasswordTooShortOrMissingUpperCase(password: &quot;Short1!a&quot;)" computerName="PETER" duration="00:00:00.0000825" startTime="2026-08-05T09:55:23.6981260+08:00" endTime="2026-08-05T09:55:23.6981260+08:00" testType="13cdc9d9-ddb5-4fa4-a97d-d965ccfc6d4b" outcome="Passed" testListId="8c84fa94-04c1-424b-9868-57a2d4851a1d" relativeResultsDirectory="4d3e19df-b355-4fb2-af82-76c36327cd0b" />
    <UnitTestResult executionId="30a3da8f-68c5-4e2f-b5c8-14a370b4294e" testId="65f9118a-65f8-cece-940d-0d85bb0ee2c8" testName="TransitPay.API.Tests.CardServiceTests.GetCardByUserIdAsync_ReturnsNull_WhenNoCard" computerName="PETER" duration="00:00:00.0006290" startTime="2026-08-05T09:55:24.5674567+08:00" endTime="2026-08-05T09:55:24.5674568+08:00" testType="13cdc9d9-ddb5-4fa4-a97d-d965ccfc6d4b" outcome="Passed" testListId="8c84fa94-04c1-424b-9868-57a2d4851a1d" relativeResultsDirectory="30a3da8f-68c5-4e2f-b5c8-14a370b4294e" />
    <UnitTestResult executionId="8edc3832-d253-49bc-bd79-2c0ad3912255" testId="7eafc080-cd46-0f07-fd7a-39f696b550ba" testName="TransitPay.API.Tests.PasswordPolicyTests.Validate_ReturnsInvalid_WhenPasswordContainsLastName" computerName="PETER" duration="00:00:00.0000538" startTime="2026-08-05T09:55:23.6985714+08:00" endTime="2026-08-05T09:55:23.6985714+08:00" testType="13cdc9d9-ddb5-4fa4-a97d-d965ccfc6d4b" outcome="Passed" testListId="8c84fa94-04c1-424b-9868-57a2d4851a1d" relativeResultsDirectory="8edc3832-d253-49bc-bd79-2c0ad3912255" />
    <UnitTestResult executionId="f641946c-7bfe-4ee4-bfb3-c2202c744f03" testId="2e4c8d6d-63c4-7e40-2acc-5ab6e009b832" testName="TransitPay.API.Tests.PasswordPolicyTests.Validate_ReturnsValid_WhenPasswordMeetsAllRequirements(password: &quot;V3ryStr0ng!Pass&quot;)" computerName="PETER" duration="00:00:00.0000036" startTime="2026-08-05T09:55:23.6965698+08:00" endTime="2026-08-05T09:55:23.6965699+08:00" testType="13cdc9d9-ddb5-4fa4-a97d-d965ccfc6d4b" outcome="Passed" testListId="8c84fa94-04c1-424b-9868-57a2d4851a1d" relativeResultsDirectory="f641946c-7bfe-4ee4-bfb3-c2202c744f03" />
    <UnitTestResult executionId="f08a32e4-111b-43dd-8d26-8a158d79a899" testId="61c29fac-cec1-ebd8-5a44-a6e08f231ba1" testName="TransitPay.API.Tests.TripServiceTests.CancelTrip_AllowsActiveOrPending" computerName="PETER" duration="00:00:00.0017758" startTime="2026-08-05T09:55:24.5048794+08:00" endTime="2026-08-05T09:55:24.5048795+08:00" testType="13cdc9d9-ddb5-4fa4-a97d-d965ccfc6d4b" outcome="Passed" testListId="8c84fa94-04c1-424b-9868-57a2d4851a1d" relativeResultsDirectory="f08a32e4-111b-43dd-8d26-8a158d79a899" />
    <UnitTestResult executionId="e4e1b2de-748f-46b5-ae51-8c22f14f70b3" testId="c8c5fb79-02e1-93b2-eb02-0d34993176b4" testName="TransitPay.API.Tests.CardServiceTests.ValidateCardAsync_ReturnsNull_WhenNotExists" computerName="PETER" duration="00:00:00.0193161" startTime="2026-08-05T09:55:24.5422511+08:00" endTime="2026-08-05T09:55:24.5422515+08:00" testType="13cdc9d9-ddb5-4fa4-a97d-d965ccfc6d4b" outcome="Passed" testListId="8c84fa94-04c1-424b-9868-57a2d4851a1d" relativeResultsDirectory="e4e1b2de-748f-46b5-ae51-8c22f14f70b3" />
    <UnitTestResult executionId="871ffdb5-3dea-412e-8381-76ec515623cb" testId="66921a94-850d-f09d-5367-c14602caab23" testName="TransitPay.API.Tests.PaymentServiceTests.ConcurrencyTokens_AreConfiguredForMutablePaymentEntities" computerName="PETER" duration="00:00:00.0005753" startTime="2026-08-05T09:55:24.8889992+08:00" endTime="2026-08-05T09:55:24.8889993+08:00" testType="13cdc9d9-ddb5-4fa4-a97d-d965ccfc6d4b" outcome="Passed" testListId="8c84fa94-04c1-424b-9868-57a2d4851a1d" relativeResultsDirectory="871ffdb5-3dea-412e-8381-76ec515623cb" />
    <UnitTestResult executionId="7d1b2256-eb40-4959-8ece-3f658adc2c61" testId="916932b4-e8a7-c1c8-9261-d510f6b67082" testName="TransitPay.API.Tests.PaymentServiceTests.ConductorPhysicalCardPayment_ChargesFare_AndStoresSnapshot" computerName="PETER" duration="00:00:00.1763060" startTime="2026-08-05T09:55:24.7964293+08:00" endTime="2026-08-05T09:55:24.7964296+08:00" testType="13cdc9d9-ddb5-4fa4-a97d-d965ccfc6d4b" outcome="Passed" testListId="8c84fa94-04c1-424b-9868-57a2d4851a1d" relativeResultsDirectory="7d1b2256-eb40-4959-8ece-3f658adc2c61" />
    <UnitTestResult executionId="64bc3531-4ae6-475e-b388-f7c0de043138" testId="6f7ab2b0-35ad-b829-ee6c-60b976741ba5" testName="TransitPay.API.Tests.TripServiceTests.StartTrip_RejectsInvalidStations" computerName="PETER" duration="00:00:00.0128506" startTime="2026-08-05T09:55:24.4954298+08:00" endTime="2026-08-05T09:55:24.4954302+08:00" testType="13cdc9d9-ddb5-4fa4-a97d-d965ccfc6d4b" outcome="Passed" testListId="8c84fa94-04c1-424b-9868-57a2d4851a1d" relativeResultsDirectory="64bc3531-4ae6-475e-b388-f7c0de043138" />
    <UnitTestResult executionId="59db84f8-9279-4a06-9146-24a3b17873a9" testId="173b102a-344d-5dfe-5487-20c98dcaefa6" testName="TransitPay.API.Tests.CardServiceTests.CreateCardAsync_CreatesCardAndWallet" computerName="PETER" duration="00:00:00.0149279" startTime="2026-08-05T09:55:24.5595752+08:00" endTime="2026-08-05T09:55:24.5595754+08:00" testType="13cdc9d9-ddb5-4fa4-a97d-d965ccfc6d4b" outcome="Passed" testListId="8c84fa94-04c1-424b-9868-57a2d4851a1d" relativeResultsDirectory="59db84f8-9279-4a06-9146-24a3b17873a9" />
    <UnitTestResult executionId="579256e8-fbe9-47b6-a7b8-62d40aa11883" testId="00383d09-ab16-929a-94db-d2e70e1fc5fb" testName="TransitPay.API.Tests.PasswordPolicyTests.Validate_ReturnsValid_WhenShortNameNotFlaggedAsPersonalInfo" computerName="PETER" duration="00:00:00.0000755" startTime="2026-08-05T09:55:23.6985388+08:00" endTime="2026-08-05T09:55:23.6985389+08:00" testType="13cdc9d9-ddb5-4fa4-a97d-d965ccfc6d4b" outcome="Passed" testListId="8c84fa94-04c1-424b-9868-57a2d4851a1d" relativeResultsDirectory="579256e8-fbe9-47b6-a7b8-62d40aa11883" />
    <UnitTestResult executionId="7b2346a1-0b8a-43bb-ad77-13e67243f6e7" testId="45a93da5-ba07-c76d-f02e-6e8e739fdc38" testName="TransitPay.API.Tests.PaymentServiceTests.CreateOrUpdateSession_RejectsWhenSessionIsProcessing" computerName="PETER" duration="00:00:00.0014091" startTime="2026-08-05T09:55:24.8949551+08:00" endTime="2026-08-05T09:55:24.8949552+08:00" testType="13cdc9d9-ddb5-4fa4-a97d-d965ccfc6d4b" outcome="Passed" testListId="8c84fa94-04c1-424b-9868-57a2d4851a1d" relativeResultsDirectory="7b2346a1-0b8a-43bb-ad77-13e67243f6e7" />
    <UnitTestResult executionId="3556411d-9b41-4294-ab97-c604606d48e0" testId="597bc96c-a25c-42c1-6b7f-bf2bde7893d3" testName="TransitPay.API.Tests.TripServiceTests.UpdateCurrentBoardingOrigin_UpdatesOriginAndTimestamp" computerName="PETER" duration="00:00:00.0064563" startTime="2026-08-05T09:55:24.5113899+08:00" endTime="2026-08-05T09:55:24.5113901+08:00" testType="13cdc9d9-ddb5-4fa4-a97d-d965ccfc6d4b" outcome="Passed" testListId="8c84fa94-04c1-424b-9868-57a2d4851a1d" relativeResultsDirectory="3556411d-9b41-4294-ab97-c604606d48e0" />
    <UnitTestResult executionId="f0d1ad68-41c0-4057-8d15-517c7477fb61" testId="6415ad91-fc59-0f87-a528-5317a375b218" testName="TransitPay.API.Tests.CardFormatterTests.MaskCardNumber_HandlesExactlyFourDigits" computerName="PETER" duration="00:00:00.0000363" startTime="2026-08-05T09:55:23.6965483+08:00" endTime="2026-08-05T09:55:23.6965483+08:00" testType="13cdc9d9-ddb5-4fa4-a97d-d965ccfc6d4b" outcome="Passed" testListId="8c84fa94-04c1-424b-9868-57a2d4851a1d" relativeResultsDirectory="f0d1ad68-41c0-4057-8d15-517c7477fb61" />
    <UnitTestResult executionId="03837da5-ceec-42d1-a10f-dcb2d64b870f" testId="7df0dd16-8442-a6a8-efed-d699eb3875b1" testName="TransitPay.API.Tests.CardFormatterTests.MaskCardNumber_HandlesSixteenDigitCard" computerName="PETER" duration="00:00:00.0000346" startTime="2026-08-05T09:55:23.6965896+08:00" endTime="2026-08-05T09:55:23.6965897+08:00" testType="13cdc9d9-ddb5-4fa4-a97d-d965ccfc6d4b" outcome="Passed" testListId="8c84fa94-04c1-424b-9868-57a2d4851a1d" relativeResultsDirectory="03837da5-ceec-42d1-a10f-dcb2d64b870f" />
    <UnitTestResult executionId="d1b60ca7-ce2c-42fc-ba6c-e1213c95eb3b" testId="edc1704a-37ec-8dca-3499-a773f46886a0" testName="TransitPay.API.Tests.PaymentServiceTests.ScanQR_RejectsExpiredSession" computerName="PETER" duration="00:00:00.0574250" startTime="2026-08-05T09:55:24.5908519+08:00" endTime="2026-08-05T09:55:24.5908524+08:00" testType="13cdc9d9-ddb5-4fa4-a97d-d965ccfc6d4b" outcome="Passed" testListId="8c84fa94-04c1-424b-9868-57a2d4851a1d" relativeResultsDirectory="d1b60ca7-ce2c-42fc-ba6c-e1213c95eb3b" />
    <UnitTestResult executionId="facfe6ac-348b-412c-8c28-957e3948efa8" testId="79ae7119-8dc1-189a-62be-f3e188af2805" testName="TransitPay.API.Tests.PasswordPolicyTests.Validate_ReturnsValid_WhenPasswordDoesNotContainPersonalInfo" computerName="PETER" duration="00:00:00.0000793" startTime="2026-08-05T09:55:23.6985995+08:00" endTime="2026-08-05T09:55:23.6985995+08:00" testType="13cdc9d9-ddb5-4fa4-a97d-d965ccfc6d4b" outcome="Passed" testListId="8c84fa94-04c1-424b-9868-57a2d4851a1d" relativeResultsDirectory="facfe6ac-348b-412c-8c28-957e3948efa8" />
    <UnitTestResult executionId="5c04f192-02c5-4945-aa61-417b331aed12" testId="d182a569-2abe-0201-1400-192317d09329" testName="TransitPay.API.Tests.CardServiceTests.GetCardByNumberAsync_ReturnsCard_WhenExists" computerName="PETER" duration="00:00:00.0009810" startTime="2026-08-05T09:55:24.5445835+08:00" endTime="2026-08-05T09:55:24.5445837+08:00" testType="13cdc9d9-ddb5-4fa4-a97d-d965ccfc6d4b" outcome="Passed" testListId="8c84fa94-04c1-424b-9868-57a2d4851a1d" relativeResultsDirectory="5c04f192-02c5-4945-aa61-417b331aed12" />
    <UnitTestResult executionId="818abec8-2c9c-4c6d-9556-b2b11a44db9b" testId="4a9da4b5-01a7-ca60-6007-dd275de0aa7f" testName="TransitPay.API.Tests.TripServiceTests.EndTrip_RejectsNonActiveTrip" computerName="PETER" duration="00:00:00.0392490" startTime="2026-08-05T09:55:24.4155340+08:00" endTime="2026-08-05T09:55:24.4155345+08:00" testType="13cdc9d9-ddb5-4fa4-a97d-d965ccfc6d4b" outcome="Passed" testListId="8c84fa94-04c1-424b-9868-57a2d4851a1d" relativeResultsDirectory="818abec8-2c9c-4c6d-9556-b2b11a44db9b" />
    <UnitTestResult executionId="9af85d28-1272-4439-93d5-e03bf10f7ab3" testId="490ffc65-e286-192d-d6e4-66612680fd35" testName="TransitPay.API.Tests.PaymentServiceTests.ScanQR_RejectsWhenSessionAlreadyCompleted" computerName="PETER" duration="00:00:00.0013906" startTime="2026-08-05T09:55:24.8813574+08:00" endTime="2026-08-05T09:55:24.8813575+08:00" testType="13cdc9d9-ddb5-4fa4-a97d-d965ccfc6d4b" outcome="Passed" testListId="8c84fa94-04c1-424b-9868-57a2d4851a1d" relativeResultsDirectory="9af85d28-1272-4439-93d5-e03bf10f7ab3" />
    <UnitTestResult executionId="ba30ec2b-6d7f-4f6c-b5d4-c25645a6f007" testId="3d3b4b31-3ca4-deda-906c-4dbcc82d3844" testName="TransitPay.API.Tests.CardServiceTests.ValidateCardAsync_ReturnsCardWithWalletBalance" computerName="PETER" duration="00:00:00.0012944" startTime="2026-08-05T09:55:24.5657536+08:00" endTime="2026-08-05T09:55:24.5657537+08:00" testType="13cdc9d9-ddb5-4fa4-a97d-d965ccfc6d4b" outcome="Passed" testListId="8c84fa94-04c1-424b-9868-57a2d4851a1d" relativeResultsDirectory="ba30ec2b-6d7f-4f6c-b5d4-c25645a6f007" />
    <UnitTestResult executionId="08e1c7c7-47bf-4f01-a654-b40c0352fc71" testId="fce9d848-05ef-91d5-be92-4b8c2a4dc049" testName="TransitPay.API.Tests.QRSecurityTests.GenerateOrRetrieveQR_DoesNotEmbedFullCardNumber_InPayload" computerName="PETER" duration="00:00:00.9453330" startTime="2026-08-05T09:55:24.5099618+08:00" endTime="2026-08-05T09:55:24.5099621+08:00" testType="13cdc9d9-ddb5-4fa4-a97d-d965ccfc6d4b" outcome="Passed" testListId="8c84fa94-04c1-424b-9868-57a2d4851a1d" relativeResultsDirectory="08e1c7c7-47bf-4f01-a654-b40c0352fc71" />
    <UnitTestResult executionId="4793d9df-bc1e-4235-80a6-0e60b5da394c" testId="3558f21d-3926-23c0-006d-37030fc76bfb" testName="TransitPay.API.Tests.CardFormatterTests.MaskCardNumber_ReturnsInput_ForWhitespace" computerName="PETER" duration="00:00:00.0000310" startTime="2026-08-05T09:55:23.6966257+08:00" endTime="2026-08-05T09:55:23.6966257+08:00" testType="13cdc9d9-ddb5-4fa4-a97d-d965ccfc6d4b" outcome="Passed" testListId="8c84fa94-04c1-424b-9868-57a2d4851a1d" relativeResultsDirectory="4793d9df-bc1e-4235-80a6-0e60b5da394c" />
    <UnitTestResult executionId="30a8f52d-1b15-45bf-96a3-b7b8cadc7546" testId="ca10fa12-a29b-1d03-e7a1-4fe278f4e38f" testName="TransitPay.API.Tests.CardFormatterTests.MaskCardNumber_ReturnsInput_ForShortString" computerName="PETER" duration="00:00:00.0000293" startTime="2026-08-05T09:55:23.6980615+08:00" endTime="2026-08-05T09:55:23.6980616+08:00" testType="13cdc9d9-ddb5-4fa4-a97d-d965ccfc6d4b" outcome="Passed" testListId="8c84fa94-04c1-424b-9868-57a2d4851a1d" relativeResultsDirectory="30a8f52d-1b15-45bf-96a3-b7b8cadc7546" />
    <UnitTestResult executionId="030b1192-173e-4010-bd63-125c87c6953c" testId="4963f177-8926-afdf-f079-281385f69fb8" testName="TransitPay.API.Tests.TripServiceTests.StartTrip_RejectsWhenDriverHasActiveTrip" computerName="PETER" duration="00:00:00.0458511" startTime="2026-08-05T09:55:24.4644882+08:00" endTime="2026-08-05T09:55:24.4644885+08:00" testType="13cdc9d9-ddb5-4fa4-a97d-d965ccfc6d4b" outcome="Passed" testListId="8c84fa94-04c1-424b-9868-57a2d4851a1d" relativeResultsDirectory="030b1192-173e-4010-bd63-125c87c6953c" />
    <UnitTestResult executionId="de99dd89-bd9f-4aa3-ba73-6fb450272ec4" testId="850c85a8-d9a2-7ce2-0de4-b1a763d16337" testName="TransitPay.API.Tests.PaymentServiceTests.TrnGenerator_GeneratesSequentialUniqueReferenceNumbers" computerName="PETER" duration="00:00:00.0013831" startTime="2026-08-05T09:55:24.7978675+08:00" endTime="2026-08-05T09:55:24.7978676+08:00" testType="13cdc9d9-ddb5-4fa4-a97d-d965ccfc6d4b" outcome="Passed" testListId="8c84fa94-04c1-424b-9868-57a2d4851a1d" relativeResultsDirectory="de99dd89-bd9f-4aa3-ba73-6fb450272ec4" />
    <UnitTestResult executionId="97f48ada-dcb2-45d6-a423-f42e92d23129" testId="646222d5-2517-ec3b-0284-e12cc4ff54fd" testName="TransitPay.API.Tests.PaymentServiceTests.ConductorPayment_ChargesFare_AndStoresFullSnapshot" computerName="PETER" duration="00:00:00.0026455" startTime="2026-08-05T09:55:24.8917081+08:00" endTime="2026-08-05T09:55:24.8917082+08:00" testType="13cdc9d9-ddb5-4fa4-a97d-d965ccfc6d4b" outcome="Passed" testListId="8c84fa94-04c1-424b-9868-57a2d4851a1d" relativeResultsDirectory="97f48ada-dcb2-45d6-a423-f42e92d23129" />
    <UnitTestResult executionId="36666bf2-82ba-4b44-9cc3-988dc2d5f89d" testId="775cafe1-dc39-3b36-598f-3d9dd045d76d" testName="TransitPay.API.Tests.PasswordPolicyTests.Validate_ReturnsInvalid_WhenPasswordMissingDigit" computerName="PETER" duration="00:00:00.0000525" startTime="2026-08-05T09:55:23.6985559+08:00" endTime="2026-08-05T09:55:23.6985559+08:00" testType="13cdc9d9-ddb5-4fa4-a97d-d965ccfc6d4b" outcome="Passed" testListId="8c84fa94-04c1-424b-9868-57a2d4851a1d" relativeResultsDirectory="36666bf2-82ba-4b44-9cc3-988dc2d5f89d" />
    <UnitTestResult executionId="0083a914-3423-41b2-8b7c-4773ae451120" testId="30e1b840-159f-35c9-a2ca-05728afe68f9" testName="TransitPay.API.Tests.PaymentServiceTests.ConductorPayment_IsIdempotent_ForSameScanEvent" computerName="PETER" duration="00:00:00.0098095" startTime="2026-08-05T09:55:24.8799164+08:00" endTime="2026-08-05T09:55:24.8799168+08:00" testType="13cdc9d9-ddb5-4fa4-a97d-d965ccfc6d4b" outcome="Passed" testListId="8c84fa94-04c1-424b-9868-57a2d4851a1d" relativeResultsDirectory="0083a914-3423-41b2-8b7c-4773ae451120" />
    <UnitTestResult executionId="c90ade07-7f85-4584-931c-c3f63b03e156" testId="3472e660-32bd-9af0-bd2a-eabb196fed2e" testName="TransitPay.API.Tests.TripServiceTests.UpdateCurrentBoardingOrigin_RejectsUnknownStation" computerName="PETER" duration="00:00:00.0072943" startTime="2026-08-05T09:55:24.4718556+08:00" endTime="2026-08-05T09:55:24.4718560+08:00" testType="13cdc9d9-ddb5-4fa4-a97d-d965ccfc6d4b" outcome="Passed" testListId="8c84fa94-04c1-424b-9868-57a2d4851a1d" relativeResultsDirectory="c90ade07-7f85-4584-931c-c3f63b03e156" />
    <UnitTestResult executionId="44e707eb-4b1c-4dc5-a161-7764d8018277" testId="ea8193a4-0360-5f36-56f4-a00ca557a1c8" testName="TransitPay.API.Tests.CardFormatterTests.MaskCardNumber_ReturnsNull_ForNullInput" computerName="PETER" duration="00:00:00.0000351" startTime="2026-08-05T09:55:23.6966090+08:00" endTime="2026-08-05T09:55:23.6966090+08:00" testType="13cdc9d9-ddb5-4fa4-a97d-d965ccfc6d4b" outcome="Passed" testListId="8c84fa94-04c1-424b-9868-57a2d4851a1d" relativeResultsDirectory="44e707eb-4b1c-4dc5-a161-7764d8018277" />
    <UnitTestResult executionId="1a2ec5d7-ca14-4edc-8cee-8f6953c6a583" testId="1a126428-8b6f-a2b8-318b-c4910f527ae7" testName="TransitPay.API.Tests.TripServiceTests.CancelTrip_RejectsCompletedTrip" computerName="PETER" duration="00:00:00.8115887" startTime="2026-08-05T09:55:24.3762280+08:00" endTime="2026-08-05T09:55:24.3762284+08:00" testType="13cdc9d9-ddb5-4fa4-a97d-d965ccfc6d4b" outcome="Passed" testListId="8c84fa94-04c1-424b-9868-57a2d4851a1d" relativeResultsDirectory="1a2ec5d7-ca14-4edc-8cee-8f6953c6a583" />
    <UnitTestResult executionId="13846267-7483-4eff-abb6-84ed06fae519" testId="27fcc409-4ad5-b7d9-73d7-e10b314e0a73" testName="TransitPay.API.Tests.PasswordPolicyTests.Validate_ReturnsInvalid_WhenPasswordIsNull" computerName="PETER" duration="00:00:00.0001321" startTime="2026-08-05T09:55:23.6988342+08:00" endTime="2026-08-05T09:55:23.6988342+08:00" testType="13cdc9d9-ddb5-4fa4-a97d-d965ccfc6d4b" outcome="Passed" testListId="8c84fa94-04c1-424b-9868-57a2d4851a1d" relativeResultsDirectory="13846267-7483-4eff-abb6-84ed06fae519" />
    <UnitTestResult executionId="1bf5f6d0-3a57-466f-ad6b-bc25d75547bf" testId="3f73d680-3e23-3251-288a-4d6ea71132b8" testName="TransitPay.API.Tests.PasswordPolicyTests.Validate_ReturnsInvalid_WhenPasswordContainsMobileNumber" computerName="PETER" duration="00:00:00.0001704" startTime="2026-08-05T09:55:23.6981659+08:00" endTime="2026-08-05T09:55:23.6981659+08:00" testType="13cdc9d9-ddb5-4fa4-a97d-d965ccfc6d4b" outcome="Passed" testListId="8c84fa94-04c1-424b-9868-57a2d4851a1d" relativeResultsDirectory="1bf5f6d0-3a57-466f-ad6b-bc25d75547bf" />
    <UnitTestResult executionId="8b53d4a1-e0e6-4cc3-96d0-fa28fb0becf8" testId="105123e9-4cdd-e50c-0391-8eb74996ed88" testName="TransitPay.API.Tests.CardServiceTests.GetCardByUserIdAsync_ReturnsCard_WhenUserHasCard" computerName="PETER" duration="00:00:00.0012359" startTime="2026-08-05T09:55:24.5435413+08:00" endTime="2026-08-05T09:55:24.5435414+08:00" testType="13cdc9d9-ddb5-4fa4-a97d-d965ccfc6d4b" outcome="Passed" testListId="8c84fa94-04c1-424b-9868-57a2d4851a1d" relativeResultsDirectory="8b53d4a1-e0e6-4cc3-96d0-fa28fb0becf8" />
    <UnitTestResult executionId="861a5b37-42d7-493b-ba03-af52c2672272" testId="17075ab8-ba33-3cf2-a80f-c410ac5c05f3" testName="TransitPay.API.Tests.PasswordPolicyTests.Validate_ReturnsInvalid_WhenPasswordIsWhitespace" computerName="PETER" duration="00:00:00.0001291" startTime="2026-08-05T09:55:23.6981077+08:00" endTime="2026-08-05T09:55:23.6981077+08:00" testType="13cdc9d9-ddb5-4fa4-a97d-d965ccfc6d4b" outcome="Passed" testListId="8c84fa94-04c1-424b-9868-57a2d4851a1d" relativeResultsDirectory="861a5b37-42d7-493b-ba03-af52c2672272" />
    <UnitTestResult executionId="da6ddbb5-289e-48c2-9c85-19c1086369fe" testId="a0fc2bfc-f59d-928f-ef04-7c40fc7b28e2" testName="TransitPay.API.Tests.TripServiceTests.GetActiveTrip_ReturnsNull_WhenNoActiveTrip" computerName="PETER" duration="00:00:00.0351994" startTime="2026-08-05T09:55:24.5481109+08:00" endTime="2026-08-05T09:55:24.5481111+08:00" testType="13cdc9d9-ddb5-4fa4-a97d-d965ccfc6d4b" outcome="Passed" testListId="8c84fa94-04c1-424b-9868-57a2d4851a1d" relativeResultsDirectory="da6ddbb5-289e-48c2-9c85-19c1086369fe" />
    <UnitTestResult executionId="5a524513-35ab-42aa-86fb-71d88a88019a" testId="19a598d5-1cb7-85fc-8547-c86423e85527" testName="TransitPay.API.Tests.TripServiceTests.UpdateCurrentBoardingOrigin_RejectsNonActiveTrip" computerName="PETER" duration="00:00:00.0029358" startTime="2026-08-05T09:55:24.4185493+08:00" endTime="2026-08-05T09:55:24.4185497+08:00" testType="13cdc9d9-ddb5-4fa4-a97d-d965ccfc6d4b" outcome="Passed" testListId="8c84fa94-04c1-424b-9868-57a2d4851a1d" relativeResultsDirectory="5a524513-35ab-42aa-86fb-71d88a88019a" />
    <UnitTestResult executionId="02789634-35be-487d-9f40-cf3e9b31b927" testId="0bad2c9a-8bcd-5f49-d9b8-70665ead8c49" testName="TransitPay.API.Tests.PasswordPolicyTests.Validate_ReturnsInvalid_WhenPasswordMissingSpecialCharacter" computerName="PETER" duration="00:00:00.0001289" startTime="2026-08-05T09:55:23.6981809+08:00" endTime="2026-08-05T09:55:23.6981810+08:00" testType="13cdc9d9-ddb5-4fa4-a97d-d965ccfc6d4b" outcome="Passed" testListId="8c84fa94-04c1-424b-9868-57a2d4851a1d" relativeResultsDirectory="02789634-35be-487d-9f40-cf3e9b31b927" />
    <UnitTestResult executionId="4fc19a57-dd71-4ae4-9123-ebd7f0169435" testId="10201181-4ec7-9ae3-b10b-d2cdb65e9f40" testName="TransitPay.API.Tests.PasswordPolicyTests.Validate_ReturnsInvalid_WhenPasswordIsCommon(password: &quot;Welcome12345!&quot;)" computerName="PETER" duration="00:00:00.0001756" startTime="2026-08-05T09:55:23.6984806+08:00" endTime="2026-08-05T09:55:23.6984806+08:00" testType="13cdc9d9-ddb5-4fa4-a97d-d965ccfc6d4b" outcome="Passed" testListId="8c84fa94-04c1-424b-9868-57a2d4851a1d" relativeResultsDirectory="4fc19a57-dd71-4ae4-9123-ebd7f0169435" />
    <UnitTestResult executionId="e4b87881-2f56-43a8-a976-244965d0ec6b" testId="929d4c25-3277-c6f5-232c-584e90479f39" testName="TransitPay.API.Tests.PasswordPolicyTests.Validate_ReturnsValid_WhenPasswordMeetsAllRequirements(password: &quot;P@ssw0rd#Secure2024&quot;)" computerName="PETER" duration="00:00:00.0926736" startTime="2026-08-05T09:55:23.6630151+08:00" endTime="2026-08-05T09:55:23.6630152+08:00" testType="13cdc9d9-ddb5-4fa4-a97d-d965ccfc6d4b" outcome="Passed" testListId="8c84fa94-04c1-424b-9868-57a2d4851a1d" relativeResultsDirectory="e4b87881-2f56-43a8-a976-244965d0ec6b" />
    <UnitTestResult executionId="322076d4-4622-4164-a59c-c74235950947" testId="7156bbe5-060c-ac57-efea-a0d88f2d478a" testName="TransitPay.API.Tests.PaymentServiceTests.ConductorPayment_RejectsWhenOriginDoesNotMatchTripBoardingOrigin" computerName="PETER" duration="00:00:00.0020709" startTime="2026-08-05T09:55:24.7999944+08:00" endTime="2026-08-05T09:55:24.7999946+08:00" testType="13cdc9d9-ddb5-4fa4-a97d-d965ccfc6d4b" outcome="Passed" testListId="8c84fa94-04c1-424b-9868-57a2d4851a1d" relativeResultsDirectory="322076d4-4622-4164-a59c-c74235950947" />
    <UnitTestResult executionId="a1017400-b2d3-44d2-8c81-4add0fa0872f" testId="e53a4438-be07-09a8-687e-0efe838c2aa6" testName="TransitPay.API.Tests.PaymentServiceTests.ScanQR_RejectsWhenNoActiveSessionExists" computerName="PETER" duration="00:00:00.9687124" startTime="2026-08-05T09:55:24.5333445+08:00" endTime="2026-08-05T09:55:24.5333451+08:00" testType="13cdc9d9-ddb5-4fa4-a97d-d965ccfc6d4b" outcome="Passed" testListId="8c84fa94-04c1-424b-9868-57a2d4851a1d" relativeResultsDirectory="a1017400-b2d3-44d2-8c81-4add0fa0872f" />
    <UnitTestResult executionId="4a63b8c9-bf9b-43e9-b826-6fa6c305b008" testId="871fadad-11a1-b72c-e72a-ed7269e836fb" testName="TransitPay.API.Tests.PaymentServiceTests.CreateOrUpdateSession_CreatesNewSession_WithLockedFare" computerName="PETER" duration="00:00:00.0023842" startTime="2026-08-05T09:55:24.6200072+08:00" endTime="2026-08-05T09:55:24.6200073+08:00" testType="13cdc9d9-ddb5-4fa4-a97d-d965ccfc6d4b" outcome="Passed" testListId="8c84fa94-04c1-424b-9868-57a2d4851a1d" relativeResultsDirectory="4a63b8c9-bf9b-43e9-b826-6fa6c305b008" />
    <UnitTestResult executionId="1cfcc460-9d74-4ebb-83c2-3b6bf3229cbe" testId="5267ae33-9d3c-c4e7-7a71-28b47f4de144" testName="TransitPay.API.Tests.CardServiceTests.GetCardByNumberAsync_ReturnsNull_WhenNotExists" computerName="PETER" duration="00:00:00.0557803" startTime="2026-08-05T09:55:24.5228665+08:00" endTime="2026-08-05T09:55:24.5228667+08:00" testType="13cdc9d9-ddb5-4fa4-a97d-d965ccfc6d4b" outcome="Passed" testListId="8c84fa94-04c1-424b-9868-57a2d4851a1d" relativeResultsDirectory="1cfcc460-9d74-4ebb-83c2-3b6bf3229cbe" />
    <UnitTestResult executionId="e40f0fb6-7037-4239-9f96-52bba1829f7e" testId="2dd0ec16-de52-997b-7325-c43679e50c54" testName="TransitPay.API.Tests.PasswordPolicyTests.Validate_ReturnsInvalid_WhenPasswordIsCommon(password: &quot;Password12345!&quot;)" computerName="PETER" duration="00:00:00.0001443" startTime="2026-08-05T09:55:23.6981933+08:00" endTime="2026-08-05T09:55:23.6981934+08:00" testType="13cdc9d9-ddb5-4fa4-a97d-d965ccfc6d4b" outcome="Passed" testListId="8c84fa94-04c1-424b-9868-57a2d4851a1d" relativeResultsDirectory="e40f0fb6-7037-4239-9f96-52bba1829f7e" />
    <UnitTestResult executionId="a32b96d5-0861-484f-8fd7-0c6c36907974" testId="59ec7dd7-f1cf-1ad1-dd0d-a6230539eb81" testName="TransitPay.API.Tests.CardFormatterTests.MaskCardNumber_PreservesLastFourDigits" computerName="PETER" duration="00:00:00.0000710" startTime="2026-08-05T09:55:23.6963009+08:00" endTime="2026-08-05T09:55:23.6963010+08:00" testType="13cdc9d9-ddb5-4fa4-a97d-d965ccfc6d4b" outcome="Passed" testListId="8c84fa94-04c1-424b-9868-57a2d4851a1d" relativeResultsDirectory="a32b96d5-0861-484f-8fd7-0c6c36907974" />
    <UnitTestResult executionId="1edf7825-dab4-4279-bd69-3210c46675cc" testId="8309713d-da26-2a51-0bb8-b31ce7593207" testName="TransitPay.API.Tests.PasswordPolicyTests.Validate_ReturnsValid_WhenPasswordMeetsAllRequirements(password: &quot;Tr@nsitPay2024!&quot;)" computerName="PETER" duration="00:00:00.0002059" startTime="2026-08-05T09:55:23.6965094+08:00" endTime="2026-08-05T09:55:23.6965095+08:00" testType="13cdc9d9-ddb5-4fa4-a97d-d965ccfc6d4b" outcome="Passed" testListId="8c84fa94-04c1-424b-9868-57a2d4851a1d" relativeResultsDirectory="1edf7825-dab4-4279-bd69-3210c46675cc" />
  </Results>
  <TestDefinitions>
    <UnitTest name="TransitPay.API.Tests.CardServiceTests.GetCardByNumberAsync_ReturnsNull_WhenNotExists" storage="c:\programming\transitpay-prototype\transitpay-prototype\transitpay.api.tests\bin\release\net10.0\transitpay.api.tests.dll" id="5267ae33-9d3c-c4e7-7a71-28b47f4de144">
      <Execution id="1cfcc460-9d74-4ebb-83c2-3b6bf3229cbe" />
      <TestMethod codeBase="C:\Programming\TransitPay-prototype\TransitPay-Prototype\TransitPay.API.Tests\bin\Release\net10.0\TransitPay.API.Tests.dll" adapterTypeName="executor://xunit/VsTestRunner2/netcoreapp" className="TransitPay.API.Tests.CardServiceTests" name="GetCardByNumberAsync_ReturnsNull_WhenNotExists" />
    </UnitTest>
    <UnitTest name="TransitPay.API.Tests.CardServiceTests.GetCardByUserIdAsync_ExcludesSoftDeletedCards" storage="c:\programming\transitpay-prototype\transitpay-prototype\transitpay.api.tests\bin\release\net10.0\transitpay.api.tests.dll" id="e16eedb8-74ed-c451-5754-d118c35b480d">
      <Execution id="ea1a7a1b-c5b2-4d13-8755-06055d13e895" />
      <TestMethod codeBase="C:\Programming\TransitPay-prototype\TransitPay-Prototype\TransitPay.API.Tests\bin\Release\net10.0\TransitPay.API.Tests.dll" adapterTypeName="executor://xunit/VsTestRunner2/netcoreapp" className="TransitPay.API.Tests.CardServiceTests" name="GetCardByUserIdAsync_ExcludesSoftDeletedCards" />
    </UnitTest>
    <UnitTest name="TransitPay.API.Tests.PasswordPolicyTests.Validate_ReturnsValid_WhenPasswordMeetsAllRequirements(password: &quot;Tr@nsitPay2024!&quot;)" storage="c:\programming\transitpay-prototype\transitpay-prototype\transitpay.api.tests\bin\release\net10.0\transitpay.api.tests.dll" id="8309713d-da26-2a51-0bb8-b31ce7593207">
      <Execution id="1edf7825-dab4-4279-bd69-3210c46675cc" />
      <TestMethod codeBase="C:\Programming\TransitPay-prototype\TransitPay-Prototype\TransitPay.API.Tests\bin\Release\net10.0\TransitPay.API.Tests.dll" adapterTypeName="executor://xunit/VsTestRunner2/netcoreapp" className="TransitPay.API.Tests.PasswordPolicyTests" name="Validate_ReturnsValid_WhenPasswordMeetsAllRequirements" />
    </UnitTest>
    <UnitTest name="TransitPay.API.Tests.PaymentServiceTests.ScanQR_ChargesLockedFare_EvenWhenFareRuleChanges" storage="c:\programming\transitpay-prototype\transitpay-prototype\transitpay.api.tests\bin\release\net10.0\transitpay.api.tests.dll" id="2790bd17-8832-1ef9-1b54-29b0ffb94107">
      <Execution id="079eb5e6-d2f6-405a-abd0-037f106a7d9c" />
      <TestMethod codeBase="C:\Programming\TransitPay-prototype\TransitPay-Prototype\TransitPay.API.Tests\bin\Release\net10.0\TransitPay.API.Tests.dll" adapterTypeName="executor://xunit/VsTestRunner2/netcoreapp" className="TransitPay.API.Tests.PaymentServiceTests" name="ScanQR_ChargesLockedFare_EvenWhenFareRuleChanges" />
    </UnitTest>
    <UnitTest name="TransitPay.API.Tests.TripServiceTests.CancelTrip_RejectsCompletedTrip" storage="c:\programming\transitpay-prototype\transitpay-prototype\transitpay.api.tests\bin\release\net10.0\transitpay.api.tests.dll" id="1a126428-8b6f-a2b8-318b-c4910f527ae7">
      <Execution id="1a2ec5d7-ca14-4edc-8cee-8f6953c6a583" />
      <TestMethod codeBase="C:\Programming\TransitPay-prototype\TransitPay-Prototype\TransitPay.API.Tests\bin\Release\net10.0\TransitPay.API.Tests.dll" adapterTypeName="executor://xunit/VsTestRunner2/netcoreapp" className="TransitPay.API.Tests.TripServiceTests" name="CancelTrip_RejectsCompletedTrip" />
    </UnitTest>
    <UnitTest name="TransitPay.API.Tests.TripServiceTests.UpdateCurrentBoardingOrigin_RejectsInactiveStation" storage="c:\programming\transitpay-prototype\transitpay-prototype\transitpay.api.tests\bin\release\net10.0\transitpay.api.tests.dll" id="b38f1d3b-0b24-48a4-562a-c9bb32b394b0">
      <Execution id="6ee42291-c15a-4503-9d6c-265d0be56ae7" />
      <TestMethod codeBase="C:\Programming\TransitPay-prototype\TransitPay-Prototype\TransitPay.API.Tests\bin\Release\net10.0\TransitPay.API.Tests.dll" adapterTypeName="executor://xunit/VsTestRunner2/netcoreapp" className="TransitPay.API.Tests.TripServiceTests" name="UpdateCurrentBoardingOrigin_RejectsInactiveStation" />
    </UnitTest>
    <UnitTest name="TransitPay.API.Tests.PasswordPolicyTests.Validate_ReturnsInvalid_WhenPasswordIsCommon(password: &quot;Password12345!&quot;)" storage="c:\programming\transitpay-prototype\transitpay-prototype\transitpay.api.tests\bin\release\net10.0\transitpay.api.tests.dll" id="2dd0ec16-de52-997b-7325-c43679e50c54">
      <Execution id="e40f0fb6-7037-4239-9f96-52bba1829f7e" />
      <TestMethod codeBase="C:\Programming\TransitPay-prototype\TransitPay-Prototype\TransitPay.API.Tests\bin\Release\net10.0\TransitPay.API.Tests.dll" adapterTypeName="executor://xunit/VsTestRunner2/netcoreapp" className="TransitPay.API.Tests.PasswordPolicyTests" name="Validate_ReturnsInvalid_WhenPasswordIsCommon" />
    </UnitTest>
    <UnitTest name="TransitPay.API.Tests.TripServiceTests.StartTrip_RejectsWhenDriverHasActiveTrip" storage="c:\programming\transitpay-prototype\transitpay-prototype\transitpay.api.tests\bin\release\net10.0\transitpay.api.tests.dll" id="4963f177-8926-afdf-f079-281385f69fb8">
      <Execution id="030b1192-173e-4010-bd63-125c87c6953c" />
      <TestMethod codeBase="C:\Programming\TransitPay-prototype\TransitPay-Prototype\TransitPay.API.Tests\bin\Release\net10.0\TransitPay.API.Tests.dll" adapterTypeName="executor://xunit/VsTestRunner2/netcoreapp" className="TransitPay.API.Tests.TripServiceTests" name="StartTrip_RejectsWhenDriverHasActiveTrip" />
    </UnitTest>
    <UnitTest name="TransitPay.API.Tests.PasswordPolicyTests.Validate_ReturnsInvalid_WhenPasswordContainsFirstName" storage="c:\programming\transitpay-prototype\transitpay-prototype\transitpay.api.tests\bin\release\net10.0\transitpay.api.tests.dll" id="3dee5cb0-92f1-f599-956c-8772989875dc">
      <Execution id="3740fb62-5b75-4bf0-9560-d93a4f6d6ae0" />
      <TestMethod codeBase="C:\Programming\TransitPay-prototype\TransitPay-Prototype\TransitPay.API.Tests\bin\Release\net10.0\TransitPay.API.Tests.dll" adapterTypeName="executor://xunit/VsTestRunner2/netcoreapp" className="TransitPay.API.Tests.PasswordPolicyTests" name="Validate_ReturnsInvalid_WhenPasswordContainsFirstName" />
    </UnitTest>
    <UnitTest name="TransitPay.API.Tests.CardServiceTests.GetCardByUserIdAsync_ReturnsCard_WhenUserHasCard" storage="c:\programming\transitpay-prototype\transitpay-prototype\transitpay.api.tests\bin\release\net10.0\transitpay.api.tests.dll" id="105123e9-4cdd-e50c-0391-8eb74996ed88">
      <Execution id="8b53d4a1-e0e6-4cc3-96d0-fa28fb0becf8" />
      <TestMethod codeBase="C:\Programming\TransitPay-prototype\TransitPay-Prototype\TransitPay.API.Tests\bin\Release\net10.0\TransitPay.API.Tests.dll" adapterTypeName="executor://xunit/VsTestRunner2/netcoreapp" className="TransitPay.API.Tests.CardServiceTests" name="GetCardByUserIdAsync_ReturnsCard_WhenUserHasCard" />
    </UnitTest>
    <UnitTest name="TransitPay.API.Tests.PaymentServiceTests.CreateOrUpdateSession_UpdatesExistingSession_WhenRouteChanges" storage="c:\programming\transitpay-prototype\transitpay-prototype\transitpay.api.tests\bin\release\net10.0\transitpay.api.tests.dll" id="dc40588f-1013-5251-de20-b13195c1b923">
      <Execution id="ec0f0ed3-5b46-41eb-9514-5e101baf4ac1" />
      <TestMethod codeBase="C:\Programming\TransitPay-prototype\TransitPay-Prototype\TransitPay.API.Tests\bin\Release\net10.0\TransitPay.API.Tests.dll" adapterTypeName="executor://xunit/VsTestRunner2/netcoreapp" className="TransitPay.API.Tests.PaymentServiceTests" name="CreateOrUpdateSession_UpdatesExistingSession_WhenRouteChanges" />
    </UnitTest>
    <UnitTest name="TransitPay.API.Tests.PaymentServiceTests.ConductorPayment_RejectsWhenOriginDoesNotMatchTripBoardingOrigin" storage="c:\programming\transitpay-prototype\transitpay-prototype\transitpay.api.tests\bin\release\net10.0\transitpay.api.tests.dll" id="7156bbe5-060c-ac57-efea-a0d88f2d478a">
      <Execution id="322076d4-4622-4164-a59c-c74235950947" />
      <TestMethod codeBase="C:\Programming\TransitPay-prototype\TransitPay-Prototype\TransitPay.API.Tests\bin\Release\net10.0\TransitPay.API.Tests.dll" adapterTypeName="executor://xunit/VsTestRunner2/netcoreapp" className="TransitPay.API.Tests.PaymentServiceTests" name="ConductorPayment_RejectsWhenOriginDoesNotMatchTripBoardingOrigin" />
    </UnitTest>
    <UnitTest name="TransitPay.API.Tests.CardServiceTests.ValidateCardAsync_ReturnsNull_WhenNotExists" storage="c:\programming\transitpay-prototype\transitpay-prototype\transitpay.api.tests\bin\release\net10.0\transitpay.api.tests.dll" id="c8c5fb79-02e1-93b2-eb02-0d34993176b4">
      <Execution id="e4e1b2de-748f-46b5-ae51-8c22f14f70b3" />
      <TestMethod codeBase="C:\Programming\TransitPay-prototype\TransitPay-Prototype\TransitPay.API.Tests\bin\Release\net10.0\TransitPay.API.Tests.dll" adapterTypeName="executor://xunit/VsTestRunner2/netcoreapp" className="TransitPay.API.Tests.CardServiceTests" name="ValidateCardAsync_ReturnsNull_WhenNotExists" />
    </UnitTest>
    <UnitTest name="TransitPay.API.Tests.PaymentServiceTests.ScanQR_ChargesLockedFare_AndCreatesTransactionRecord" storage="c:\programming\transitpay-prototype\transitpay-prototype\transitpay.api.tests\bin\release\net10.0\transitpay.api.tests.dll" id="86845ce5-5b0e-4706-7171-b66a9d9fc0d9">
      <Execution id="05fed4a0-2b8c-4354-be19-d516e3779012" />
      <TestMethod codeBase="C:\Programming\TransitPay-prototype\TransitPay-Prototype\TransitPay.API.Tests\bin\Release\net10.0\TransitPay.API.Tests.dll" adapterTypeName="executor://xunit/VsTestRunner2/netcoreapp" className="TransitPay.API.Tests.PaymentServiceTests" name="ScanQR_ChargesLockedFare_AndCreatesTransactionRecord" />
    </UnitTest>
    <UnitTest name="TransitPay.API.Tests.TripServiceTests.EndTrip_RejectsNonActiveTrip" storage="c:\programming\transitpay-prototype\transitpay-prototype\transitpay.api.tests\bin\release\net10.0\transitpay.api.tests.dll" id="4a9da4b5-01a7-ca60-6007-dd275de0aa7f">
      <Execution id="818abec8-2c9c-4c6d-9556-b2b11a44db9b" />
      <TestMethod codeBase="C:\Programming\TransitPay-prototype\TransitPay-Prototype\TransitPay.API.Tests\bin\Release\net10.0\TransitPay.API.Tests.dll" adapterTypeName="executor://xunit/VsTestRunner2/netcoreapp" className="TransitPay.API.Tests.TripServiceTests" name="EndTrip_RejectsNonActiveTrip" />
    </UnitTest>
    <UnitTest name="TransitPay.API.Tests.PasswordPolicyTests.Validate_ReturnsValid_WhenPasswordMeetsAllRequirements(password: &quot;V3ryStr0ng!Pass&quot;)" storage="c:\programming\transitpay-prototype\transitpay-prototype\transitpay.api.tests\bin\release\net10.0\transitpay.api.tests.dll" id="2e4c8d6d-63c4-7e40-2acc-5ab6e009b832">
      <Execution id="f641946c-7bfe-4ee4-bfb3-c2202c744f03" />
      <TestMethod codeBase="C:\Programming\TransitPay-prototype\TransitPay-Prototype\TransitPay.API.Tests\bin\Release\net10.0\TransitPay.API.Tests.dll" adapterTypeName="executor://xunit/VsTestRunner2/netcoreapp" className="TransitPay.API.Tests.PasswordPolicyTests" name="Validate_ReturnsValid_WhenPasswordMeetsAllRequirements" />
    </UnitTest>
    <UnitTest name="TransitPay.API.Tests.PasswordPolicyTests.Validate_ReturnsValid_WhenPasswordDoesNotContainPersonalInfo" storage="c:\programming\transitpay-prototype\transitpay-prototype\transitpay.api.tests\bin\release\net10.0\transitpay.api.tests.dll" id="79ae7119-8dc1-189a-62be-f3e188af2805">
      <Execution id="facfe6ac-348b-412c-8c28-957e3948efa8" />
      <TestMethod codeBase="C:\Programming\TransitPay-prototype\TransitPay-Prototype\TransitPay.API.Tests\bin\Release\net10.0\TransitPay.API.Tests.dll" adapterTypeName="executor://xunit/VsTestRunner2/netcoreapp" className="TransitPay.API.Tests.PasswordPolicyTests" name="Validate_ReturnsValid_WhenPasswordDoesNotContainPersonalInfo" />
    </UnitTest>
    <UnitTest name="TransitPay.API.Tests.TripServiceTests.StartTrip_CreatesActiveTrip_WithBoardingOriginInitialized" storage="c:\programming\transitpay-prototype\transitpay-prototype\transitpay.api.tests\bin\release\net10.0\transitpay.api.tests.dll" id="b6a8c0be-453b-8c96-688c-0ec00921305e">
      <Execution id="e48c11cc-04d4-4ec1-b52c-09245c1e91f9" />
      <TestMethod codeBase="C:\Programming\TransitPay-prototype\TransitPay-Prototype\TransitPay.API.Tests\bin\Release\net10.0\TransitPay.API.Tests.dll" adapterTypeName="executor://xunit/VsTestRunner2/netcoreapp" className="TransitPay.API.Tests.TripServiceTests" name="StartTrip_CreatesActiveTrip_WithBoardingOriginInitialized" />
    </UnitTest>
    <UnitTest name="TransitPay.API.Tests.PasswordPolicyTests.Validate_ReturnsInvalid_WhenPasswordMissingDigit" storage="c:\programming\transitpay-prototype\transitpay-prototype\transitpay.api.tests\bin\release\net10.0\transitpay.api.tests.dll" id="775cafe1-dc39-3b36-598f-3d9dd045d76d">
      <Execution id="36666bf2-82ba-4b44-9cc3-988dc2d5f89d" />
      <TestMethod codeBase="C:\Programming\TransitPay-prototype\TransitPay-Prototype\TransitPay.API.Tests\bin\Release\net10.0\TransitPay.API.Tests.dll" adapterTypeName="executor://xunit/VsTestRunner2/netcoreapp" className="TransitPay.API.Tests.PasswordPolicyTests" name="Validate_ReturnsInvalid_WhenPasswordMissingDigit" />
    </UnitTest>
    <UnitTest name="TransitPay.API.Tests.SchemaUniquenessMetadataTests.BusinessIdentifierUniquenessRules_ShouldBeExposedInModelMetadata" storage="c:\programming\transitpay-prototype\transitpay-prototype\transitpay.api.tests\bin\release\net10.0\transitpay.api.tests.dll" id="3a54ea30-d7c2-6a31-2020-908611f5c1da">
      <Execution id="583533b1-b14d-4327-9875-d1f6a8fdf906" />
      <TestMethod codeBase="C:\Programming\TransitPay-prototype\TransitPay-Prototype\TransitPay.API.Tests\bin\Release\net10.0\TransitPay.API.Tests.dll" adapterTypeName="executor://xunit/VsTestRunner2/netcoreapp" className="TransitPay.API.Tests.SchemaUniquenessMetadataTests" name="BusinessIdentifierUniquenessRules_ShouldBeExposedInModelMetadata" />
    </UnitTest>
    <UnitTest name="TransitPay.API.Tests.CardMapperTests.ToDto_DoesNotExposeFullCardNumber" storage="c:\programming\transitpay-prototype\transitpay-prototype\transitpay.api.tests\bin\release\net10.0\transitpay.api.tests.dll" id="01d682af-fdf5-f97b-5577-a33ef3b93222">
      <Execution id="dd838ab9-6d2c-4ab0-bedb-6f77a30ff479" />
      <TestMethod codeBase="C:\Programming\TransitPay-prototype\TransitPay-Prototype\TransitPay.API.Tests\bin\Release\net10.0\TransitPay.API.Tests.dll" adapterTypeName="executor://xunit/VsTestRunner2/netcoreapp" className="TransitPay.API.Tests.CardMapperTests" name="ToDto_DoesNotExposeFullCardNumber" />
    </UnitTest>
    <UnitTest name="TransitPay.API.Tests.PaymentServiceTests.CreateOrUpdateSession_CreatesNewSession_WithLockedFare" storage="c:\programming\transitpay-prototype\transitpay-prototype\transitpay.api.tests\bin\release\net10.0\transitpay.api.tests.dll" id="871fadad-11a1-b72c-e72a-ed7269e836fb">
      <Execution id="4a63b8c9-bf9b-43e9-b826-6fa6c305b008" />
      <TestMethod codeBase="C:\Programming\TransitPay-prototype\TransitPay-Prototype\TransitPay.API.Tests\bin\Release\net10.0\TransitPay.API.Tests.dll" adapterTypeName="executor://xunit/VsTestRunner2/netcoreapp" className="TransitPay.API.Tests.PaymentServiceTests" name="CreateOrUpdateSession_CreatesNewSession_WithLockedFare" />
    </UnitTest>
    <UnitTest name="TransitPay.API.Tests.PaymentServiceTests.ScanQR_RejectsWhenNoActiveSessionExists" storage="c:\programming\transitpay-prototype\transitpay-prototype\transitpay.api.tests\bin\release\net10.0\transitpay.api.tests.dll" id="e53a4438-be07-09a8-687e-0efe838c2aa6">
      <Execution id="a1017400-b2d3-44d2-8c81-4add0fa0872f" />
      <TestMethod codeBase="C:\Programming\TransitPay-prototype\TransitPay-Prototype\TransitPay.API.Tests\bin\Release\net10.0\TransitPay.API.Tests.dll" adapterTypeName="executor://xunit/VsTestRunner2/netcoreapp" className="TransitPay.API.Tests.PaymentServiceTests" name="ScanQR_RejectsWhenNoActiveSessionExists" />
    </UnitTest>
    <UnitTest name="TransitPay.API.Tests.PasswordPolicyTests.Validate_ReturnsValid_WhenShortNameNotFlaggedAsPersonalInfo" storage="c:\programming\transitpay-prototype\transitpay-prototype\transitpay.api.tests\bin\release\net10.0\transitpay.api.tests.dll" id="00383d09-ab16-929a-94db-d2e70e1fc5fb">
      <Execution id="579256e8-fbe9-47b6-a7b8-62d40aa11883" />
      <TestMethod codeBase="C:\Programming\TransitPay-prototype\TransitPay-Prototype\TransitPay.API.Tests\bin\Release\net10.0\TransitPay.API.Tests.dll" adapterTypeName="executor://xunit/VsTestRunner2/netcoreapp" className="TransitPay.API.Tests.PasswordPolicyTests" name="Validate_ReturnsValid_WhenShortNameNotFlaggedAsPersonalInfo" />
    </UnitTest>
    <UnitTest name="TransitPay.API.Tests.CardFormatterTests.MaskCardNumber_HandlesSixteenDigitCard" storage="c:\programming\transitpay-prototype\transitpay-prototype\transitpay.api.tests\bin\release\net10.0\transitpay.api.tests.dll" id="7df0dd16-8442-a6a8-efed-d699eb3875b1">
      <Execution id="03837da5-ceec-42d1-a10f-dcb2d64b870f" />
      <TestMethod codeBase="C:\Programming\TransitPay-prototype\TransitPay-Prototype\TransitPay.API.Tests\bin\Release\net10.0\TransitPay.API.Tests.dll" adapterTypeName="executor://xunit/VsTestRunner2/netcoreapp" className="TransitPay.API.Tests.CardFormatterTests" name="MaskCardNumber_HandlesSixteenDigitCard" />
    </UnitTest>
    <UnitTest name="TransitPay.API.Tests.PasswordPolicyTests.Validate_ReturnsInvalid_WhenPasswordMissingLowercase" storage="c:\programming\transitpay-prototype\transitpay-prototype\transitpay.api.tests\bin\release\net10.0\transitpay.api.tests.dll" id="91af522e-ec4d-798a-34cd-d727cb3506a2">
      <Execution id="2f61a468-664c-4ee3-aba4-d9ed6db4470c" />
      <TestMethod codeBase="C:\Programming\TransitPay-prototype\TransitPay-Prototype\TransitPay.API.Tests\bin\Release\net10.0\TransitPay.API.Tests.dll" adapterTypeName="executor://xunit/VsTestRunner2/netcoreapp" className="TransitPay.API.Tests.PasswordPolicyTests" name="Validate_ReturnsInvalid_WhenPasswordMissingLowercase" />
    </UnitTest>
    <UnitTest name="TransitPay.API.Tests.PaymentServiceTests.ScanQR_RejectsExpiredSession" storage="c:\programming\transitpay-prototype\transitpay-prototype\transitpay.api.tests\bin\release\net10.0\transitpay.api.tests.dll" id="edc1704a-37ec-8dca-3499-a773f46886a0">
      <Execution id="d1b60ca7-ce2c-42fc-ba6c-e1213c95eb3b" />
      <TestMethod codeBase="C:\Programming\TransitPay-prototype\TransitPay-Prototype\TransitPay.API.Tests\bin\Release\net10.0\TransitPay.API.Tests.dll" adapterTypeName="executor://xunit/VsTestRunner2/netcoreapp" className="TransitPay.API.Tests.PaymentServiceTests" name="ScanQR_RejectsExpiredSession" />
    </UnitTest>
    <UnitTest name="TransitPay.API.Tests.QRSecurityTests.GenerateOrRetrieveQR_DoesNotEmbedFullCardNumber_InPayload" storage="c:\programming\transitpay-prototype\transitpay-prototype\transitpay.api.tests\bin\release\net10.0\transitpay.api.tests.dll" id="fce9d848-05ef-91d5-be92-4b8c2a4dc049">
      <Execution id="08e1c7c7-47bf-4f01-a654-b40c0352fc71" />
      <TestMethod codeBase="C:\Programming\TransitPay-prototype\TransitPay-Prototype\TransitPay.API.Tests\bin\Release\net10.0\TransitPay.API.Tests.dll" adapterTypeName="executor://xunit/VsTestRunner2/netcoreapp" className="TransitPay.API.Tests.QRSecurityTests" name="GenerateOrRetrieveQR_DoesNotEmbedFullCardNumber_InPayload" />
    </UnitTest>
    <UnitTest name="TransitPay.API.Tests.PaymentServiceTests.ConductorPayment_RejectsDestinationNotOnRoute" storage="c:\programming\transitpay-prototype\transitpay-prototype\transitpay.api.tests\bin\release\net10.0\transitpay.api.tests.dll" id="40691340-925b-13d2-961f-1675b97133d7">
      <Execution id="d6255ae7-c562-47fe-b204-4e5860b31ce9" />
      <TestMethod codeBase="C:\Programming\TransitPay-prototype\TransitPay-Prototype\TransitPay.API.Tests\bin\Release\net10.0\TransitPay.API.Tests.dll" adapterTypeName="executor://xunit/VsTestRunner2/netcoreapp" className="TransitPay.API.Tests.PaymentServiceTests" name="ConductorPayment_RejectsDestinationNotOnRoute" />
    </UnitTest>
    <UnitTest name="TransitPay.API.Tests.CardFormatterTests.MaskCardNumber_ReturnsInput_ForWhitespace" storage="c:\programming\transitpay-prototype\transitpay-prototype\transitpay.api.tests\bin\release\net10.0\transitpay.api.tests.dll" id="3558f21d-3926-23c0-006d-37030fc76bfb">
      <Execution id="4793d9df-bc1e-4235-80a6-0e60b5da394c" />
      <TestMethod codeBase="C:\Programming\TransitPay-prototype\TransitPay-Prototype\TransitPay.API.Tests\bin\Release\net10.0\TransitPay.API.Tests.dll" adapterTypeName="executor://xunit/VsTestRunner2/netcoreapp" className="TransitPay.API.Tests.CardFormatterTests" name="MaskCardNumber_ReturnsInput_ForWhitespace" />
    </UnitTest>
    <UnitTest name="TransitPay.API.Tests.CardFormatterTests.MaskCardNumber_ReturnsNull_ForNullInput" storage="c:\programming\transitpay-prototype\transitpay-prototype\transitpay.api.tests\bin\release\net10.0\transitpay.api.tests.dll" id="ea8193a4-0360-5f36-56f4-a00ca557a1c8">
      <Execution id="44e707eb-4b1c-4dc5-a161-7764d8018277" />
      <TestMethod codeBase="C:\Programming\TransitPay-prototype\TransitPay-Prototype\TransitPay.API.Tests\bin\Release\net10.0\TransitPay.API.Tests.dll" adapterTypeName="executor://xunit/VsTestRunner2/netcoreapp" className="TransitPay.API.Tests.CardFormatterTests" name="MaskCardNumber_ReturnsNull_ForNullInput" />
    </UnitTest>
    <UnitTest name="TransitPay.API.Tests.CardFormatterTests.MaskCardNumber_PreservesLastFourDigits" storage="c:\programming\transitpay-prototype\transitpay-prototype\transitpay.api.tests\bin\release\net10.0\transitpay.api.tests.dll" id="59ec7dd7-f1cf-1ad1-dd0d-a6230539eb81">
      <Execution id="a32b96d5-0861-484f-8fd7-0c6c36907974" />
      <TestMethod codeBase="C:\Programming\TransitPay-prototype\TransitPay-Prototype\TransitPay.API.Tests\bin\Release\net10.0\TransitPay.API.Tests.dll" adapterTypeName="executor://xunit/VsTestRunner2/netcoreapp" className="TransitPay.API.Tests.CardFormatterTests" name="MaskCardNumber_PreservesLastFourDigits" />
    </UnitTest>
    <UnitTest name="TransitPay.API.Tests.CardMapperTests.ToDto_MasksCardNumber" storage="c:\programming\transitpay-prototype\transitpay-prototype\transitpay.api.tests\bin\release\net10.0\transitpay.api.tests.dll" id="587a6bb2-1775-0500-4f10-1a31a3d925d0">
      <Execution id="eba3d761-b441-43b4-b6a3-2dd34cb0eb40" />
      <TestMethod codeBase="C:\Programming\TransitPay-prototype\TransitPay-Prototype\TransitPay.API.Tests\bin\Release\net10.0\TransitPay.API.Tests.dll" adapterTypeName="executor://xunit/VsTestRunner2/netcoreapp" className="TransitPay.API.Tests.CardMapperTests" name="ToDto_MasksCardNumber" />
    </UnitTest>
    <UnitTest name="TransitPay.API.Tests.PasswordPolicyTests.Validate_ReturnsInvalid_WhenPasswordContainsMobileNumber" storage="c:\programming\transitpay-prototype\transitpay-prototype\transitpay.api.tests\bin\release\net10.0\transitpay.api.tests.dll" id="3f73d680-3e23-3251-288a-4d6ea71132b8">
      <Execution id="1bf5f6d0-3a57-466f-ad6b-bc25d75547bf" />
      <TestMethod codeBase="C:\Programming\TransitPay-prototype\TransitPay-Prototype\TransitPay.API.Tests\bin\Release\net10.0\TransitPay.API.Tests.dll" adapterTypeName="executor://xunit/VsTestRunner2/netcoreapp" className="TransitPay.API.Tests.PasswordPolicyTests" name="Validate_ReturnsInvalid_WhenPasswordContainsMobileNumber" />
    </UnitTest>
    <UnitTest name="TransitPay.API.Tests.PaymentServiceTests.ConductorPayment_ChargesFare_AndStoresFullSnapshot" storage="c:\programming\transitpay-prototype\transitpay-prototype\transitpay.api.tests\bin\release\net10.0\transitpay.api.tests.dll" id="646222d5-2517-ec3b-0284-e12cc4ff54fd">
      <Execution id="97f48ada-dcb2-45d6-a423-f42e92d23129" />
      <TestMethod codeBase="C:\Programming\TransitPay-prototype\TransitPay-Prototype\TransitPay.API.Tests\bin\Release\net10.0\TransitPay.API.Tests.dll" adapterTypeName="executor://xunit/VsTestRunner2/netcoreapp" className="TransitPay.API.Tests.PaymentServiceTests" name="ConductorPayment_ChargesFare_AndStoresFullSnapshot" />
    </UnitTest>
    <UnitTest name="TransitPay.API.Tests.CardServiceTests.CreateCardAsync_ThrowsDuplicateCardException_WhenDuplicate" storage="c:\programming\transitpay-prototype\transitpay-prototype\transitpay.api.tests\bin\release\net10.0\transitpay.api.tests.dll" id="acb7124a-dd96-7c0a-cbb2-0ad636f2539a">
      <Execution id="4a3d4e0a-4736-4f18-b656-b170d0717e62" />
      <TestMethod codeBase="C:\Programming\TransitPay-prototype\TransitPay-Prototype\TransitPay.API.Tests\bin\Release\net10.0\TransitPay.API.Tests.dll" adapterTypeName="executor://xunit/VsTestRunner2/netcoreapp" className="TransitPay.API.Tests.CardServiceTests" name="CreateCardAsync_ThrowsDuplicateCardException_WhenDuplicate" />
    </UnitTest>
    <UnitTest name="TransitPay.API.Tests.CardFormatterTests.MaskCardNumber_HandlesExactlyFourDigits" storage="c:\programming\transitpay-prototype\transitpay-prototype\transitpay.api.tests\bin\release\net10.0\transitpay.api.tests.dll" id="6415ad91-fc59-0f87-a528-5317a375b218">
      <Execution id="f0d1ad68-41c0-4057-8d15-517c7477fb61" />
      <TestMethod codeBase="C:\Programming\TransitPay-prototype\TransitPay-Prototype\TransitPay.API.Tests\bin\Release\net10.0\TransitPay.API.Tests.dll" adapterTypeName="executor://xunit/VsTestRunner2/netcoreapp" className="TransitPay.API.Tests.CardFormatterTests" name="MaskCardNumber_HandlesExactlyFourDigits" />
    </UnitTest>
    <UnitTest name="TransitPay.API.Tests.TripServiceTests.EndTrip_OnlyAllowsActiveTrip" storage="c:\programming\transitpay-prototype\transitpay-prototype\transitpay.api.tests\bin\release\net10.0\transitpay.api.tests.dll" id="6a7b65d8-785c-b4f9-990c-6fd6818dc1f3">
      <Execution id="016b300a-9f1f-46ca-985e-3367b70992ca" />
      <TestMethod codeBase="C:\Programming\TransitPay-prototype\TransitPay-Prototype\TransitPay.API.Tests\bin\Release\net10.0\TransitPay.API.Tests.dll" adapterTypeName="executor://xunit/VsTestRunner2/netcoreapp" className="TransitPay.API.Tests.TripServiceTests" name="EndTrip_OnlyAllowsActiveTrip" />
    </UnitTest>
    <UnitTest name="TransitPay.API.Tests.PaymentServiceTests.ConductorPayment_IsIdempotent_ForSameScanEvent" storage="c:\programming\transitpay-prototype\transitpay-prototype\transitpay.api.tests\bin\release\net10.0\transitpay.api.tests.dll" id="30e1b840-159f-35c9-a2ca-05728afe68f9">
      <Execution id="0083a914-3423-41b2-8b7c-4773ae451120" />
      <TestMethod codeBase="C:\Programming\TransitPay-prototype\TransitPay-Prototype\TransitPay.API.Tests\bin\Release\net10.0\TransitPay.API.Tests.dll" adapterTypeName="executor://xunit/VsTestRunner2/netcoreapp" className="TransitPay.API.Tests.PaymentServiceTests" name="ConductorPayment_IsIdempotent_ForSameScanEvent" />
    </UnitTest>
    <UnitTest name="TransitPay.API.Tests.PasswordPolicyTests.Validate_ReturnsInvalid_WhenPasswordTooShortOrMissingUpperCase(password: &quot;elevenchars!&quot;)" storage="c:\programming\transitpay-prototype\transitpay-prototype\transitpay.api.tests\bin\release\net10.0\transitpay.api.tests.dll" id="60f579be-ffb2-6187-de66-245058550b64">
      <Execution id="1ccb9200-b874-49fa-8b02-3ee00a685e2e" />
      <TestMethod codeBase="C:\Programming\TransitPay-prototype\TransitPay-Prototype\TransitPay.API.Tests\bin\Release\net10.0\TransitPay.API.Tests.dll" adapterTypeName="executor://xunit/VsTestRunner2/netcoreapp" className="TransitPay.API.Tests.PasswordPolicyTests" name="Validate_ReturnsInvalid_WhenPasswordTooShortOrMissingUpperCase" />
    </UnitTest>
    <UnitTest name="TransitPay.API.Tests.PasswordPolicyTests.Validate_ReturnsInvalid_WhenPasswordIsCommon(password: &quot;Letmein12345!&quot;)" storage="c:\programming\transitpay-prototype\transitpay-prototype\transitpay.api.tests\bin\release\net10.0\transitpay.api.tests.dll" id="5c20344e-73af-b447-16bf-7490e262254f">
      <Execution id="3dcf38e2-fcca-4719-9048-0316cd1ced52" />
      <TestMethod codeBase="C:\Programming\TransitPay-prototype\TransitPay-Prototype\TransitPay.API.Tests\bin\Release\net10.0\TransitPay.API.Tests.dll" adapterTypeName="executor://xunit/VsTestRunner2/netcoreapp" className="TransitPay.API.Tests.PasswordPolicyTests" name="Validate_ReturnsInvalid_WhenPasswordIsCommon" />
    </UnitTest>
    <UnitTest name="TransitPay.API.Tests.PaymentServiceTests.ConductorPayment_RejectsWhenOriginEqualsDestination" storage="c:\programming\transitpay-prototype\transitpay-prototype\transitpay.api.tests\bin\release\net10.0\transitpay.api.tests.dll" id="96267582-f5a8-7721-ab28-abe3b113f94f">
      <Execution id="6d39b3f5-ac97-45df-b001-77d4cb2df700" />
      <TestMethod codeBase="C:\Programming\TransitPay-prototype\TransitPay-Prototype\TransitPay.API.Tests\bin\Release\net10.0\TransitPay.API.Tests.dll" adapterTypeName="executor://xunit/VsTestRunner2/netcoreapp" className="TransitPay.API.Tests.PaymentServiceTests" name="ConductorPayment_RejectsWhenOriginEqualsDestination" />
    </UnitTest>
    <UnitTest name="TransitPay.API.Tests.PasswordPolicyTests.Validate_ReturnsInvalid_WhenPasswordIsWhitespace" storage="c:\programming\transitpay-prototype\transitpay-prototype\transitpay.api.tests\bin\release\net10.0\transitpay.api.tests.dll" id="17075ab8-ba33-3cf2-a80f-c410ac5c05f3">
      <Execution id="861a5b37-42d7-493b-ba03-af52c2672272" />
      <TestMethod codeBase="C:\Programming\TransitPay-prototype\TransitPay-Prototype\TransitPay.API.Tests\bin\Release\net10.0\TransitPay.API.Tests.dll" adapterTypeName="executor://xunit/VsTestRunner2/netcoreapp" className="TransitPay.API.Tests.PasswordPolicyTests" name="Validate_ReturnsInvalid_WhenPasswordIsWhitespace" />
    </UnitTest>
    <UnitTest name="TransitPay.API.Tests.CardFormatterTests.MaskCardNumber_ReturnsEmpty_ForEmptyString" storage="c:\programming\transitpay-prototype\transitpay-prototype\transitpay.api.tests\bin\release\net10.0\transitpay.api.tests.dll" id="843e6059-eaf2-a4df-e982-9963095a5c1a">
      <Execution id="144ae3e7-90d8-4fca-9388-f93c78e8c725" />
      <TestMethod codeBase="C:\Programming\TransitPay-prototype\TransitPay-Prototype\TransitPay.API.Tests\bin\Release\net10.0\TransitPay.API.Tests.dll" adapterTypeName="executor://xunit/VsTestRunner2/netcoreapp" className="TransitPay.API.Tests.CardFormatterTests" name="MaskCardNumber_ReturnsEmpty_ForEmptyString" />
    </UnitTest>
    <UnitTest name="TransitPay.API.Tests.TripServiceTests.CancelTrip_AllowsActiveOrPending" storage="c:\programming\transitpay-prototype\transitpay-prototype\transitpay.api.tests\bin\release\net10.0\transitpay.api.tests.dll" id="61c29fac-cec1-ebd8-5a44-a6e08f231ba1">
      <Execution id="f08a32e4-111b-43dd-8d26-8a158d79a899" />
      <TestMethod codeBase="C:\Programming\TransitPay-prototype\TransitPay-Prototype\TransitPay.API.Tests\bin\Release\net10.0\TransitPay.API.Tests.dll" adapterTypeName="executor://xunit/VsTestRunner2/netcoreapp" className="TransitPay.API.Tests.TripServiceTests" name="CancelTrip_AllowsActiveOrPending" />
    </UnitTest>
    <UnitTest name="TransitPay.API.Tests.CardServiceTests.GetCardByUserIdAsync_MasksCardNumber" storage="c:\programming\transitpay-prototype\transitpay-prototype\transitpay.api.tests\bin\release\net10.0\transitpay.api.tests.dll" id="8169b4de-abf0-6556-32ad-9eb7cb5cb972">
      <Execution id="4ac096d7-e113-4423-8cdf-df26fa0accb0" />
      <TestMethod codeBase="C:\Programming\TransitPay-prototype\TransitPay-Prototype\TransitPay.API.Tests\bin\Release\net10.0\TransitPay.API.Tests.dll" adapterTypeName="executor://xunit/VsTestRunner2/netcoreapp" className="TransitPay.API.Tests.CardServiceTests" name="GetCardByUserIdAsync_MasksCardNumber" />
    </UnitTest>
    <UnitTest name="TransitPay.API.Tests.CardServiceTests.GetCardByUserIdAsync_ReturnsNull_WhenNoCard" storage="c:\programming\transitpay-prototype\transitpay-prototype\transitpay.api.tests\bin\release\net10.0\transitpay.api.tests.dll" id="65f9118a-65f8-cece-940d-0d85bb0ee2c8">
      <Execution id="30a3da8f-68c5-4e2f-b5c8-14a370b4294e" />
      <TestMethod codeBase="C:\Programming\TransitPay-prototype\TransitPay-Prototype\TransitPay.API.Tests\bin\Release\net10.0\TransitPay.API.Tests.dll" adapterTypeName="executor://xunit/VsTestRunner2/netcoreapp" className="TransitPay.API.Tests.CardServiceTests" name="GetCardByUserIdAsync_ReturnsNull_WhenNoCard" />
    </UnitTest>
    <UnitTest name="TransitPay.API.Tests.PasswordPolicyTests.Validate_ReturnsValid_WhenPasswordMeetsAllRequirements(password: &quot;StrongP@ssw0rd2024&quot;)" storage="c:\programming\transitpay-prototype\transitpay-prototype\transitpay.api.tests\bin\release\net10.0\transitpay.api.tests.dll" id="d9b34340-7ae1-34fb-0561-89c1025d4832">
      <Execution id="3e3f0995-c4a7-4caf-ab68-80651da3816c" />
      <TestMethod codeBase="C:\Programming\TransitPay-prototype\TransitPay-Prototype\TransitPay.API.Tests\bin\Release\net10.0\TransitPay.API.Tests.dll" adapterTypeName="executor://xunit/VsTestRunner2/netcoreapp" className="TransitPay.API.Tests.PasswordPolicyTests" name="Validate_ReturnsValid_WhenPasswordMeetsAllRequirements" />
    </UnitTest>
    <UnitTest name="TransitPay.API.Tests.CardMapperTests.ToCreatedDto_MasksCardNumber" storage="c:\programming\transitpay-prototype\transitpay-prototype\transitpay.api.tests\bin\release\net10.0\transitpay.api.tests.dll" id="c3f44537-6385-1cf4-ecb4-852c39ef5a1d">
      <Execution id="e1ac6b5a-5700-49f1-97bd-084addb6fcf5" />
      <TestMethod codeBase="C:\Programming\TransitPay-prototype\TransitPay-Prototype\TransitPay.API.Tests\bin\Release\net10.0\TransitPay.API.Tests.dll" adapterTypeName="executor://xunit/VsTestRunner2/netcoreapp" className="TransitPay.API.Tests.CardMapperTests" name="ToCreatedDto_MasksCardNumber" />
    </UnitTest>
    <UnitTest name="TransitPay.API.Tests.PaymentServiceTests.ScanQR_RejectsInsufficientBalance_WithoutDeducting" storage="c:\programming\transitpay-prototype\transitpay-prototype\transitpay.api.tests\bin\release\net10.0\transitpay.api.tests.dll" id="f7914ffa-4d24-15fa-9911-8487d78aa349">
      <Execution id="b8c3a2a2-8041-4d7d-b7f7-7225b7a62b64" />
      <TestMethod codeBase="C:\Programming\TransitPay-prototype\TransitPay-Prototype\TransitPay.API.Tests\bin\Release\net10.0\TransitPay.API.Tests.dll" adapterTypeName="executor://xunit/VsTestRunner2/netcoreapp" className="TransitPay.API.Tests.PaymentServiceTests" name="ScanQR_RejectsInsufficientBalance_WithoutDeducting" />
    </UnitTest>
    <UnitTest name="TransitPay.API.Tests.PasswordPolicyTests.Validate_ReturnsValid_WhenPasswordMeetsAllRequirements(password: &quot;P@ssw0rd#Secure2024&quot;)" storage="c:\programming\transitpay-prototype\transitpay-prototype\transitpay.api.tests\bin\release\net10.0\transitpay.api.tests.dll" id="929d4c25-3277-c6f5-232c-584e90479f39">
      <Execution id="e4b87881-2f56-43a8-a976-244965d0ec6b" />
      <TestMethod codeBase="C:\Programming\TransitPay-prototype\TransitPay-Prototype\TransitPay.API.Tests\bin\Release\net10.0\TransitPay.API.Tests.dll" adapterTypeName="executor://xunit/VsTestRunner2/netcoreapp" className="TransitPay.API.Tests.PasswordPolicyTests" name="Validate_ReturnsValid_WhenPasswordMeetsAllRequirements" />
    </UnitTest>
    <UnitTest name="TransitPay.API.Tests.CardServiceTests.ValidateCardAsync_ReturnsCardWithWalletBalance" storage="c:\programming\transitpay-prototype\transitpay-prototype\transitpay.api.tests\bin\release\net10.0\transitpay.api.tests.dll" id="3d3b4b31-3ca4-deda-906c-4dbcc82d3844">
      <Execution id="ba30ec2b-6d7f-4f6c-b5d4-c25645a6f007" />
      <TestMethod codeBase="C:\Programming\TransitPay-prototype\TransitPay-Prototype\TransitPay.API.Tests\bin\Release\net10.0\TransitPay.API.Tests.dll" adapterTypeName="executor://xunit/VsTestRunner2/netcoreapp" className="TransitPay.API.Tests.CardServiceTests" name="ValidateCardAsync_ReturnsCardWithWalletBalance" />
    </UnitTest>
    <UnitTest name="TransitPay.API.Tests.PasswordPolicyTests.Validate_ReturnsInvalid_WhenPasswordTooShortOrMissingUpperCase(password: &quot;alllowercase123!&quot;)" storage="c:\programming\transitpay-prototype\transitpay-prototype\transitpay.api.tests\bin\release\net10.0\transitpay.api.tests.dll" id="86313a71-5fb4-ffae-afc7-e788f6cc2a72">
      <Execution id="c723b9ab-0dec-46de-a427-a14c9d3fd203" />
      <TestMethod codeBase="C:\Programming\TransitPay-prototype\TransitPay-Prototype\TransitPay.API.Tests\bin\Release\net10.0\TransitPay.API.Tests.dll" adapterTypeName="executor://xunit/VsTestRunner2/netcoreapp" className="TransitPay.API.Tests.PasswordPolicyTests" name="Validate_ReturnsInvalid_WhenPasswordTooShortOrMissingUpperCase" />
    </UnitTest>
    <UnitTest name="TransitPay.API.Tests.PasswordPolicyTests.Validate_ReturnsInvalid_WhenPasswordIsCommon(password: &quot;Admin123456!&quot;)" storage="c:\programming\transitpay-prototype\transitpay-prototype\transitpay.api.tests\bin\release\net10.0\transitpay.api.tests.dll" id="ceb417d8-feed-4480-a3e7-7e721b3e8274">
      <Execution id="fe64d205-4006-40b7-bb55-0a290756ae93" />
[...]
      <Execution id="9af85d28-1272-4439-93d5-e03bf10f7ab3" />
      <TestMethod codeBase="C:\Programming\TransitPay-prototype\TransitPay-Prototype\TransitPay.API.Tests\bin\Release\net10.0\TransitPay.API.Tests.dll" adapterTypeName="executor://xunit/VsTestRunner2/netcoreapp" className="TransitPay.API.Tests.PaymentServiceTests" name="ScanQR_RejectsWhenSessionAlreadyCompleted" />
    </UnitTest>
    <UnitTest name="TransitPay.API.Tests.CardMapperTests.ToDetailsDto_MasksCardNumber" storage="c:\programming\transitpay-prototype\transitpay-prototype\transitpay.api.tests\bin\release\net10.0\transitpay.api.tests.dll" id="3102232e-b856-1ca9-8f95-f79eebdfe8f6">
      <Execution id="cea35a44-a63a-43ac-a4cc-ae5c922aee6b" />
      <TestMethod codeBase="C:\Programming\TransitPay-prototype\TransitPay-Prototype\TransitPay.API.Tests\bin\Release\net10.0\TransitPay.API.Tests.dll" adapterTypeName="executor://xunit/VsTestRunner2/netcoreapp" className="TransitPay.API.Tests.CardMapperTests" name="ToDetailsDto_MasksCardNumber" />
    </UnitTest>
    <UnitTest name="TransitPay.API.Tests.CardServiceTests.ValidateCardAsync_ReturnsZeroBalance_WhenNoWallet" storage="c:\programming\transitpay-prototype\transitpay-prototype\transitpay.api.tests\bin\release\net10.0\transitpay.api.tests.dll" id="b71a00aa-4c4f-a224-f8a3-155c9c8cd8c3">
      <Execution id="9c5efbdd-4983-454c-9b1a-7a936cc000ff" />
      <TestMethod codeBase="C:\Programming\TransitPay-prototype\TransitPay-Prototype\TransitPay.API.Tests\bin\Release\net10.0\TransitPay.API.Tests.dll" adapterTypeName="executor://xunit/VsTestRunner2/netcoreapp" className="TransitPay.API.Tests.CardServiceTests" name="ValidateCardAsync_ReturnsZeroBalance_WhenNoWallet" />
    </UnitTest>
    <UnitTest name="TransitPay.API.Tests.TripServiceTests.UpdateCurrentBoardingOrigin_RejectsUnknownStation" storage="c:\programming\transitpay-prototype\transitpay-prototype\transitpay.api.tests\bin\release\net10.0\transitpay.api.tests.dll" id="3472e660-32bd-9af0-bd2a-eabb196fed2e">
      <Execution id="c90ade07-7f85-4584-931c-c3f63b03e156" />
      <TestMethod codeBase="C:\Programming\TransitPay-prototype\TransitPay-Prototype\TransitPay.API.Tests\bin\Release\net10.0\TransitPay.API.Tests.dll" adapterTypeName="executor://xunit/VsTestRunner2/netcoreapp" className="TransitPay.API.Tests.TripServiceTests" name="UpdateCurrentBoardingOrigin_RejectsUnknownStation" />
    </UnitTest>
    <UnitTest name="TransitPay.API.Tests.CardFormatterTests.MaskCardNumber_ReturnsInput_ForShortString" storage="c:\programming\transitpay-prototype\transitpay-prototype\transitpay.api.tests\bin\release\net10.0\transitpay.api.tests.dll" id="ca10fa12-a29b-1d03-e7a1-4fe278f4e38f">
      <Execution id="30a8f52d-1b15-45bf-96a3-b7b8cadc7546" />
      <TestMethod codeBase="C:\Programming\TransitPay-prototype\TransitPay-Prototype\TransitPay.API.Tests\bin\Release\net10.0\TransitPay.API.Tests.dll" adapterTypeName="executor://xunit/VsTestRunner2/netcoreapp" className="TransitPay.API.Tests.CardFormatterTests" name="MaskCardNumber_ReturnsInput_ForShortString" />
    </UnitTest>
    <UnitTest name="TransitPay.API.Tests.PasswordPolicyTests.Validate_ReturnsInvalid_WhenPasswordMissingSpecialCharacter" storage="c:\programming\transitpay-prototype\transitpay-prototype\transitpay.api.tests\bin\release\net10.0\transitpay.api.tests.dll" id="0bad2c9a-8bcd-5f49-d9b8-70665ead8c49">
      <Execution id="02789634-35be-487d-9f40-cf3e9b31b927" />
      <TestMethod codeBase="C:\Programming\TransitPay-prototype\TransitPay-Prototype\TransitPay.API.Tests\bin\Release\net10.0\TransitPay.API.Tests.dll" adapterTypeName="executor://xunit/VsTestRunner2/netcoreapp" className="TransitPay.API.Tests.PasswordPolicyTests" name="Validate_ReturnsInvalid_WhenPasswordMissingSpecialCharacter" />
    </UnitTest>
    <UnitTest name="TransitPay.API.Tests.PasswordPolicyTests.Validate_ReturnsInvalid_WhenPasswordTooShortOrMissingUpperCase(password: &quot;Short1!a&quot;)" storage="c:\programming\transitpay-prototype\transitpay-prototype\transitpay.api.tests\bin\release\net10.0\transitpay.api.tests.dll" id="7e06ab5d-fe9a-458c-603d-2613ba54838f">
      <Execution id="4d3e19df-b355-4fb2-af82-76c36327cd0b" />
      <TestMethod codeBase="C:\Programming\TransitPay-prototype\TransitPay-Prototype\TransitPay.API.Tests\bin\Release\net10.0\TransitPay.API.Tests.dll" adapterTypeName="executor://xunit/VsTestRunner2/netcoreapp" className="TransitPay.API.Tests.PasswordPolicyTests" name="Validate_ReturnsInvalid_WhenPasswordTooShortOrMissingUpperCase" />
    </UnitTest>
    <UnitTest name="TransitPay.API.Tests.PasswordPolicyTests.Validate_ReturnsInvalid_WhenPasswordContainsLastName" storage="c:\programming\transitpay-prototype\transitpay-prototype\transitpay.api.tests\bin\release\net10.0\transitpay.api.tests.dll" id="7eafc080-cd46-0f07-fd7a-39f696b550ba">
      <Execution id="8edc3832-d253-49bc-bd79-2c0ad3912255" />
      <TestMethod codeBase="C:\Programming\TransitPay-prototype\TransitPay-Prototype\TransitPay.API.Tests\bin\Release\net10.0\TransitPay.API.Tests.dll" adapterTypeName="executor://xunit/VsTestRunner2/netcoreapp" className="TransitPay.API.Tests.PasswordPolicyTests" name="Validate_ReturnsInvalid_WhenPasswordContainsLastName" />
    </UnitTest>
    <UnitTest name="TransitPay.API.Tests.PaymentServiceTests.CreateOrUpdateSession_RejectsWhenSessionIsProcessing" storage="c:\programming\transitpay-prototype\transitpay-prototype\transitpay.api.tests\bin\release\net10.0\transitpay.api.tests.dll" id="45a93da5-ba07-c76d-f02e-6e8e739fdc38">
      <Execution id="7b2346a1-0b8a-43bb-ad77-13e67243f6e7" />
      <TestMethod codeBase="C:\Programming\TransitPay-prototype\TransitPay-Prototype\TransitPay.API.Tests\bin\Release\net10.0\TransitPay.API.Tests.dll" adapterTypeName="executor://xunit/VsTestRunner2/netcoreapp" className="TransitPay.API.Tests.PaymentServiceTests" name="CreateOrUpdateSession_RejectsWhenSessionIsProcessing" />
    </UnitTest>
  </TestDefinitions>
  <TestEntries>
    <TestEntry testId="91af522e-ec4d-798a-34cd-d727cb3506a2" executionId="2f61a468-664c-4ee3-aba4-d9ed6db4470c" testListId="8c84fa94-04c1-424b-9868-57a2d4851a1d" />
    <TestEntry testId="5eac4e6b-ee70-0f1d-31d3-093fc244d886" executionId="85c3a79a-bd52-4ae4-97ce-1a5e06b390e5" testListId="8c84fa94-04c1-424b-9868-57a2d4851a1d" />
    <TestEntry testId="b6a8c0be-453b-8c96-688c-0ec00921305e" executionId="e48c11cc-04d4-4ec1-b52c-09245c1e91f9" testListId="8c84fa94-04c1-424b-9868-57a2d4851a1d" />
    <TestEntry testId="c3f44537-6385-1cf4-ecb4-852c39ef5a1d" executionId="e1ac6b5a-5700-49f1-97bd-084addb6fcf5" testListId="8c84fa94-04c1-424b-9868-57a2d4851a1d" />
    <TestEntry testId="96267582-f5a8-7721-ab28-abe3b113f94f" executionId="6d39b3f5-ac97-45df-b001-77d4cb2df700" testListId="8c84fa94-04c1-424b-9868-57a2d4851a1d" />
    <TestEntry testId="b38f1d3b-0b24-48a4-562a-c9bb32b394b0" executionId="6ee42291-c15a-4503-9d6c-265d0be56ae7" testListId="8c84fa94-04c1-424b-9868-57a2d4851a1d" />
    <TestEntry testId="01d682af-fdf5-f97b-5577-a33ef3b93222" executionId="dd838ab9-6d2c-4ab0-bedb-6f77a30ff479" testListId="8c84fa94-04c1-424b-9868-57a2d4851a1d" />
    <TestEntry testId="2790bd17-8832-1ef9-1b54-29b0ffb94107" executionId="079eb5e6-d2f6-405a-abd0-037f106a7d9c" testListId="8c84fa94-04c1-424b-9868-57a2d4851a1d" />
    <TestEntry testId="86313a71-5fb4-ffae-afc7-e788f6cc2a72" executionId="c723b9ab-0dec-46de-a427-a14c9d3fd203" testListId="8c84fa94-04c1-424b-9868-57a2d4851a1d" />
    <TestEntry testId="64eecf20-8ba1-2760-8b61-e56cd43d4a59" executionId="4127a0de-5b9c-4592-98b1-6d863e7ca606" testListId="8c84fa94-04c1-424b-9868-57a2d4851a1d" />
    <TestEntry testId="6dbedd2e-c024-8bca-e34f-0714ecfcd856" executionId="97fc81e7-9870-4e0a-a14f-6afd2857329c" testListId="8c84fa94-04c1-424b-9868-57a2d4851a1d" />
    <TestEntry testId="587a6bb2-1775-0500-4f10-1a31a3d925d0" executionId="eba3d761-b441-43b4-b6a3-2dd34cb0eb40" testListId="8c84fa94-04c1-424b-9868-57a2d4851a1d" />
    <TestEntry testId="3a54ea30-d7c2-6a31-2020-908611f5c1da" executionId="583533b1-b14d-4327-9875-d1f6a8fdf906" testListId="8c84fa94-04c1-424b-9868-57a2d4851a1d" />
    <TestEntry testId="b71a00aa-4c4f-a224-f8a3-155c9c8cd8c3" executionId="9c5efbdd-4983-454c-9b1a-7a936cc000ff" testListId="8c84fa94-04c1-424b-9868-57a2d4851a1d" />
    <TestEntry testId="ee36f3a1-cbcc-6200-79a3-3fe8659475e4" executionId="c8d7d2ba-9ad4-415c-b5df-e7ca24a0a6b7" testListId="8c84fa94-04c1-424b-9868-57a2d4851a1d" />
    <TestEntry testId="d9b34340-7ae1-34fb-0561-89c1025d4832" executionId="3e3f0995-c4a7-4caf-ab68-80651da3816c" testListId="8c84fa94-04c1-424b-9868-57a2d4851a1d" />
    <TestEntry testId="3102232e-b856-1ca9-8f95-f79eebdfe8f6" executionId="cea35a44-a63a-43ac-a4cc-ae5c922aee6b" testListId="8c84fa94-04c1-424b-9868-57a2d4851a1d" />
    <TestEntry testId="8169b4de-abf0-6556-32ad-9eb7cb5cb972" executionId="4ac096d7-e113-4423-8cdf-df26fa0accb0" testListId="8c84fa94-04c1-424b-9868-57a2d4851a1d" />
    <TestEntry testId="e16eedb8-74ed-c451-5754-d118c35b480d" executionId="ea1a7a1b-c5b2-4d13-8755-06055d13e895" testListId="8c84fa94-04c1-424b-9868-57a2d4851a1d" />
    <TestEntry testId="843e6059-eaf2-a4df-e982-9963095a5c1a" executionId="144ae3e7-90d8-4fca-9388-f93c78e8c725" testListId="8c84fa94-04c1-424b-9868-57a2d4851a1d" />
    <TestEntry testId="ceb417d8-feed-4480-a3e7-7e721b3e8274" executionId="fe64d205-4006-40b7-bb55-0a290756ae93" testListId="8c84fa94-04c1-424b-9868-57a2d4851a1d" />
    <TestEntry testId="40691340-925b-13d2-961f-1675b97133d7" executionId="d6255ae7-c562-47fe-b204-4e5860b31ce9" testListId="8c84fa94-04c1-424b-9868-57a2d4851a1d" />
    <TestEntry testId="acb7124a-dd96-7c0a-cbb2-0ad636f2539a" executionId="4a3d4e0a-4736-4f18-b656-b170d0717e62" testListId="8c84fa94-04c1-424b-9868-57a2d4851a1d" />
    <TestEntry testId="6a7b65d8-785c-b4f9-990c-6fd6818dc1f3" executionId="016b300a-9f1f-46ca-985e-3367b70992ca" testListId="8c84fa94-04c1-424b-9868-57a2d4851a1d" />
    <TestEntry testId="5c20344e-73af-b447-16bf-7490e262254f" executionId="3dcf38e2-fcca-4719-9048-0316cd1ced52" testListId="8c84fa94-04c1-424b-9868-57a2d4851a1d" />
    <TestEntry testId="60f579be-ffb2-6187-de66-245058550b64" executionId="1ccb9200-b874-49fa-8b02-3ee00a685e2e" testListId="8c84fa94-04c1-424b-9868-57a2d4851a1d" />
    <TestEntry testId="f7914ffa-4d24-15fa-9911-8487d78aa349" executionId="b8c3a2a2-8041-4d7d-b7f7-7225b7a62b64" testListId="8c84fa94-04c1-424b-9868-57a2d4851a1d" />
    <TestEntry testId="86845ce5-5b0e-4706-7171-b66a9d9fc0d9" executionId="05fed4a0-2b8c-4354-be19-d516e3779012" testListId="8c84fa94-04c1-424b-9868-57a2d4851a1d" />
    <TestEntry testId="dc40588f-1013-5251-de20-b13195c1b923" executionId="ec0f0ed3-5b46-41eb-9514-5e101baf4ac1" testListId="8c84fa94-04c1-424b-9868-57a2d4851a1d" />
    <TestEntry testId="3dee5cb0-92f1-f599-956c-8772989875dc" executionId="3740fb62-5b75-4bf0-9560-d93a4f6d6ae0" testListId="8c84fa94-04c1-424b-9868-57a2d4851a1d" />
    <TestEntry testId="7e06ab5d-fe9a-458c-603d-2613ba54838f" executionId="4d3e19df-b355-4fb2-af82-76c36327cd0b" testListId="8c84fa94-04c1-424b-9868-57a2d4851a1d" />
    <TestEntry testId="65f9118a-65f8-cece-940d-0d85bb0ee2c8" executionId="30a3da8f-68c5-4e2f-b5c8-14a370b4294e" testListId="8c84fa94-04c1-424b-9868-57a2d4851a1d" />
    <TestEntry testId="7eafc080-cd46-0f07-fd7a-39f696b550ba" executionId="8edc3832-d253-49bc-bd79-2c0ad3912255" testListId="8c84fa94-04c1-424b-9868-57a2d4851a1d" />
    <TestEntry testId="2e4c8d6d-63c4-7e40-2acc-5ab6e009b832" executionId="f641946c-7bfe-4ee4-bfb3-c2202c744f03" testListId="8c84fa94-04c1-424b-9868-57a2d4851a1d" />
    <TestEntry testId="61c29fac-cec1-ebd8-5a44-a6e08f231ba1" executionId="f08a32e4-111b-43dd-8d26-8a158d79a899" testListId="8c84fa94-04c1-424b-9868-57a2d4851a1d" />
    <TestEntry testId="c8c5fb79-02e1-93b2-eb02-0d34993176b4" executionId="e4e1b2de-748f-46b5-ae51-8c22f14f70b3" testListId="8c84fa94-04c1-424b-9868-57a2d4851a1d" />
    <TestEntry testId="66921a94-850d-f09d-5367-c14602caab23" executionId="871ffdb5-3dea-412e-8381-76ec515623cb" testListId="8c84fa94-04c1-424b-9868-57a2d4851a1d" />
    <TestEntry testId="916932b4-e8a7-c1c8-9261-d510f6b67082" executionId="7d1b2256-eb40-4959-8ece-3f658adc2c61" testListId="8c84fa94-04c1-424b-9868-57a2d4851a1d" />
    <TestEntry testId="6f7ab2b0-35ad-b829-ee6c-60b976741ba5" executionId="64bc3531-4ae6-475e-b388-f7c0de043138" testListId="8c84fa94-04c1-424b-9868-57a2d4851a1d" />
    <TestEntry testId="173b102a-344d-5dfe-5487-20c98dcaefa6" executionId="59db84f8-9279-4a06-9146-24a3b17873a9" testListId="8c84fa94-04c1-424b-9868-57a2d4851a1d" />
    <TestEntry testId="00383d09-ab16-929a-94db-d2e70e1fc5fb" executionId="579256e8-fbe9-47b6-a7b8-62d40aa11883" testListId="8c84fa94-04c1-424b-9868-57a2d4851a1d" />
    <TestEntry testId="45a93da5-ba07-c76d-f02e-6e8e739fdc38" executionId="7b2346a1-0b8a-43bb-ad77-13e67243f6e7" testListId="8c84fa94-04c1-424b-9868-57a2d4851a1d" />
    <TestEntry testId="597bc96c-a25c-42c1-6b7f-bf2bde7893d3" executionId="3556411d-9b41-4294-ab97-c604606d48e0" testListId="8c84fa94-04c1-424b-9868-57a2d4851a1d" />
    <TestEntry testId="6415ad91-fc59-0f87-a528-5317a375b218" executionId="f0d1ad68-41c0-4057-8d15-517c7477fb61" testListId="8c84fa94-04c1-424b-9868-57a2d4851a1d" />
    <TestEntry testId="7df0dd16-8442-a6a8-efed-d699eb3875b1" executionId="03837da5-ceec-42d1-a10f-dcb2d64b870f" testListId="8c84fa94-04c1-424b-9868-57a2d4851a1d" />
    <TestEntry testId="edc1704a-37ec-8dca-3499-a773f46886a0" executionId="d1b60ca7-ce2c-42fc-ba6c-e1213c95eb3b" testListId="8c84fa94-04c1-424b-9868-57a2d4851a1d" />
    <TestEntry testId="79ae7119-8dc1-189a-62be-f3e188af2805" executionId="facfe6ac-348b-412c-8c28-957e3948efa8" testListId="8c84fa94-04c1-424b-9868-57a2d4851a1d" />
    <TestEntry testId="d182a569-2abe-0201-1400-192317d09329" executionId="5c04f192-02c5-4945-aa61-417b331aed12" testListId="8c84fa94-04c1-424b-9868-57a2d4851a1d" />
    <TestEntry testId="4a9da4b5-01a7-ca60-6007-dd275de0aa7f" executionId="818abec8-2c9c-4c6d-9556-b2b11a44db9b" testListId="8c84fa94-04c1-424b-9868-57a2d4851a1d" />
    <TestEntry testId="490ffc65-e286-192d-d6e4-66612680fd35" executionId="9af85d28-1272-4439-93d5-e03bf10f7ab3" testListId="8c84fa94-04c1-424b-9868-57a2d4851a1d" />
    <TestEntry testId="3d3b4b31-3ca4-deda-906c-4dbcc82d3844" executionId="ba30ec2b-6d7f-4f6c-b5d4-c25645a6f007" testListId="8c84fa94-04c1-424b-9868-57a2d4851a1d" />
    <TestEntry testId="fce9d848-05ef-91d5-be92-4b8c2a4dc049" executionId="08e1c7c7-47bf-4f01-a654-b40c0352fc71" testListId="8c84fa94-04c1-424b-9868-57a2d4851a1d" />
    <TestEntry testId="3558f21d-3926-23c0-006d-37030fc76bfb" executionId="4793d9df-bc1e-4235-80a6-0e60b5da394c" testListId="8c84fa94-04c1-424b-9868-57a2d4851a1d" />
    <TestEntry testId="ca10fa12-a29b-1d03-e7a1-4fe278f4e38f" executionId="30a8f52d-1b15-45bf-96a3-b7b8cadc7546" testListId="8c84fa94-04c1-424b-9868-57a2d4851a1d" />
    <TestEntry testId="4963f177-8926-afdf-f079-281385f69fb8" executionId="030b1192-173e-4010-bd63-125c87c6953c" testListId="8c84fa94-04c1-424b-9868-57a2d4851a1d" />
    <TestEntry testId="850c85a8-d9a2-7ce2-0de4-b1a763d16337" executionId="de99dd89-bd9f-4aa3-ba73-6fb450272ec4" testListId="8c84fa94-04c1-424b-9868-57a2d4851a1d" />
    <TestEntry testId="646222d5-2517-ec3b-0284-e12cc4ff54fd" executionId="97f48ada-dcb2-45d6-a423-f42e92d23129" testListId="8c84fa94-04c1-424b-9868-57a2d4851a1d" />
    <TestEntry testId="775cafe1-dc39-3b36-598f-3d9dd045d76d" executionId="36666bf2-82ba-4b44-9cc3-988dc2d5f89d" testListId="8c84fa94-04c1-424b-9868-57a2d4851a1d" />
    <TestEntry testId="30e1b840-159f-35c9-a2ca-05728afe68f9" executionId="0083a914-3423-41b2-8b7c-4773ae451120" testListId="8c84fa94-04c1-424b-9868-57a2d4851a1d" />
    <TestEntry testId="3472e660-32bd-9af0-bd2a-eabb196fed2e" executionId="c90ade07-7f85-4584-931c-c3f63b03e156" testListId="8c84fa94-04c1-424b-9868-57a2d4851a1d" />
    <TestEntry testId="ea8193a4-0360-5f36-56f4-a00ca557a1c8" executionId="44e707eb-4b1c-4dc5-a161-7764d8018277" testListId="8c84fa94-04c1-424b-9868-57a2d4851a1d" />
    <TestEntry testId="1a126428-8b6f-a2b8-318b-c4910f527ae7" executionId="1a2ec5d7-ca14-4edc-8cee-8f6953c6a583" testListId="8c84fa94-04c1-424b-9868-57a2d4851a1d" />
    <TestEntry testId="27fcc409-4ad5-b7d9-73d7-e10b314e0a73" executionId="13846267-7483-4eff-abb6-84ed06fae519" testListId="8c84fa94-04c1-424b-9868-57a2d4851a1d" />
    <TestEntry testId="3f73d680-3e23-3251-288a-4d6ea71132b8" executionId="1bf5f6d0-3a57-466f-ad6b-bc25d75547bf" testListId="8c84fa94-04c1-424b-9868-57a2d4851a1d" />
    <TestEntry testId="105123e9-4cdd-e50c-0391-8eb74996ed88" executionId="8b53d4a1-e0e6-4cc3-96d0-fa28fb0becf8" testListId="8c84fa94-04c1-424b-9868-57a2d4851a1d" />
    <TestEntry testId="17075ab8-ba33-3cf2-a80f-c410ac5c05f3" executionId="861a5b37-42d7-493b-ba03-af52c2672272" testListId="8c84fa94-04c1-424b-9868-57a2d4851a1d" />
    <TestEntry testId="a0fc2bfc-f59d-928f-ef04-7c40fc7b28e2" executionId="da6ddbb5-289e-48c2-9c85-19c1086369fe" testListId="8c84fa94-04c1-424b-9868-57a2d4851a1d" />
    <TestEntry testId="19a598d5-1cb7-85fc-8547-c86423e85527" executionId="5a524513-35ab-42aa-86fb-71d88a88019a" testListId="8c84fa94-04c1-424b-9868-57a2d4851a1d" />
    <TestEntry testId="0bad2c9a-8bcd-5f49-d9b8-70665ead8c49" executionId="02789634-35be-487d-9f40-cf3e9b31b927" testListId="8c84fa94-04c1-424b-9868-57a2d4851a1d" />
    <TestEntry testId="10201181-4ec7-9ae3-b10b-d2cdb65e9f40" executionId="4fc19a57-dd71-4ae4-9123-ebd7f0169435" testListId="8c84fa94-04c1-424b-9868-57a2d4851a1d" />
    <TestEntry testId="929d4c25-3277-c6f5-232c-584e90479f39" executionId="e4b87881-2f56-43a8-a976-244965d0ec6b" testListId="8c84fa94-04c1-424b-9868-57a2d4851a1d" />
    <TestEntry testId="7156bbe5-060c-ac57-efea-a0d88f2d478a" executionId="322076d4-4622-4164-a59c-c74235950947" testListId="8c84fa94-04c1-424b-9868-57a2d4851a1d" />
    <TestEntry testId="e53a4438-be07-09a8-687e-0efe838c2aa6" executionId="a1017400-b2d3-44d2-8c81-4add0fa0872f" testListId="8c84fa94-04c1-424b-9868-57a2d4851a1d" />
    <TestEntry testId="871fadad-11a1-b72c-e72a-ed7269e836fb" executionId="4a63b8c9-bf9b-43e9-b826-6fa6c305b008" testListId="8c84fa94-04c1-424b-9868-57a2d4851a1d" />
    <TestEntry testId="5267ae33-9d3c-c4e7-7a71-28b47f4de144" executionId="1cfcc460-9d74-4ebb-83c2-3b6bf3229cbe" testListId="8c84fa94-04c1-424b-9868-57a2d4851a1d" />
    <TestEntry testId="2dd0ec16-de52-997b-7325-c43679e50c54" executionId="e40f0fb6-7037-4239-9f96-52bba1829f7e" testListId="8c84fa94-04c1-424b-9868-57a2d4851a1d" />
    <TestEntry testId="59ec7dd7-f1cf-1ad1-dd0d-a6230539eb81" executionId="a32b96d5-0861-484f-8fd7-0c6c36907974" testListId="8c84fa94-04c1-424b-9868-57a2d4851a1d" />
    <TestEntry testId="8309713d-da26-2a51-0bb8-b31ce7593207" executionId="1edf7825-dab4-4279-bd69-3210c46675cc" testListId="8c84fa94-04c1-424b-9868-57a2d4851a1d" />
  </TestEntries>
  <TestLists>
    <TestList name="Results Not in a List" id="8c84fa94-04c1-424b-9868-57a2d4851a1d" />
    <TestList name="All Loaded Results" id="19431567-8539-422a-85d7-44ee4e166bda" />
  </TestLists>
  <ResultSummary outcome="Completed">
    <Counters total="78" executed="78" passed="78" failed="0" error="0" timeout="0" aborted="0" inconclusive="0" passedButRunAborted="0" notRunnable="0" notExecuted="0" disconnected="0" warning="0" completed="0" inProgress="0" pending="0" />
    <Output>
      <StdOut>[xUnit.net 00:00:00.00] xUnit.net VSTest Adapter v2.8.2+699d445a1a (64-bit .NET 10.0.10)&#xD;
[xUnit.net 00:00:00.50]   Discovering: TransitPay.API.Tests&#xD;
[xUnit.net 00:00:00.55]   Discovered:  TransitPay.API.Tests&#xD;
[xUnit.net 00:00:00.56]   Starting:    TransitPay.API.Tests&#xD;
[xUnit.net 00:00:01.93]   Finished:    TransitPay.API.Tests&#xD;
</StdOut>
    </Output>
  </ResultSummary>
</TestRun>